<?xml version="1.0" encoding="UTF-8"?>
<testsuite xmlns:xsi="http://www.w3.org/2001/XMLSchema-instance" xsi:noNamespaceSchemaLocation="https://maven.apache.org/surefire/maven-surefire-plugin/xsd/surefire-test-report-3.0.xsd" version="3.0" name="com.rodmccutcheon.ingestion.ContractVerifierTest" time="0.594" tests="1" errors="1" skipped="0" failures="0">
  <properties>
    <property name="awt.toolkit" value="sun.lwawt.macosx.LWCToolkit"/>
    <property name="jdk.extensions.version" value="11.0.9.0"/>
    <property name="java.specification.version" value="11"/>
    <property name="file.encoding.pkg" value="sun.io"/>
    <property name="sun.jnu.encoding" value="UTF-8"/>
    <property name="java.class.path" value="/Users/rod/Work/Repos/spring-cloud-contract-demo/ingestion/target/test-classes:/Users/rod/Work/Repos/spring-cloud-contract-demo/ingestion/target/classes:/Users/rod/.m2/repository/org/springframework/cloud/spring-cloud-stream/3.0.9.RELEASE/spring-cloud-stream-3.0.9.RELEASE.jar:/Users/rod/.m2/repository/org/springframework/boot/spring-boot-starter-validation/2.3.6.RELEASE/spring-boot-starter-validation-2.3.6.RELEASE.jar:/Users/rod/.m2/repository/org/glassfish/jakarta.el/3.0.3/jakarta.el-3.0.3.jar:/Users/rod/.m2/repository/org/hibernate/validator/hibernate-validator/6.1.6.Final/hibernate-validator-6.1.6.Final.jar:/Users/rod/.m2/repository/jakarta/validation/jakarta.validation-api/2.0.2/jakarta.validation-api-2.0.2.jar:/Users/rod/.m2/repository/org/jboss/logging/jboss-logging/3.4.1.Final/jboss-logging-3.4.1.Final.jar:/Users/rod/.m2/repository/com/fasterxml/classmate/1.5.1/classmate-1.5.1.jar:/Users/rod/.m2/repository/org/springframework/spring-messaging/5.2.11.RELEASE/spring-messaging-5.2.11.RELEASE.jar:/Users/rod/.m2/repository/org/springframework/spring-beans/5.2.11.RELEASE/spring-beans-5.2.11.RELEASE.jar:/Users/rod/.m2/repository/org/springframework/integration/spring-integration-core/5.3.4.RELEASE/spring-integration-core-5.3.4.RELEASE.jar:/Users/rod/.m2/repository/org/springframework/spring-aop/5.2.11.RELEASE/spring-aop-5.2.11.RELEASE.jar:/Users/rod/.m2/repository/org/springframework/spring-context/5.2.11.RELEASE/spring-context-5.2.11.RELEASE.jar:/Users/rod/.m2/repository/org/springframework/spring-expression/5.2.11.RELEASE/spring-expression-5.2.11.RELEASE.jar:/Users/rod/.m2/repository/org/springframework/spring-tx/5.2.11.RELEASE/spring-tx-5.2.11.RELEASE.jar:/Users/rod/.m2/repository/io/projectreactor/reactor-core/3.3.11.RELEASE/reactor-core-3.3.11.RELEASE.jar:/Users/rod/.m2/repository/org/reactivestreams/reactive-streams/1.0.3/reactive-streams-1.0.3.jar:/Users/rod/.m2/repository/org/springframework/integration/spring-integration-jmx/5.3.4.RELEASE/spring-integration-jmx-5.3.4.RELEASE.jar:/Users/rod/.m2/repository/org/springframework/retry/spring-retry/1.2.5.RELEASE/spring-retry-1.2.5.RELEASE.jar:/Users/rod/.m2/repository/org/springframework/cloud/spring-cloud-function-context/3.0.11.RELEASE/spring-cloud-function-context-3.0.11.RELEASE.jar:/Users/rod/.m2/repository/net/jodah/typetools/0.6.2/typetools-0.6.2.jar:/Users/rod/.m2/repository/org/springframework/cloud/spring-cloud-function-core/3.0.11.RELEASE/spring-cloud-function-core-3.0.11.RELEASE.jar:/Users/rod/.m2/repository/javax/annotation/javax.annotation-api/1.3.2/javax.annotation-api-1.3.2.jar:/Users/rod/.m2/repository/org/springframework/cloud/spring-cloud-stream-binder-kafka/3.0.9.RELEASE/spring-cloud-stream-binder-kafka-3.0.9.RELEASE.jar:/Users/rod/.m2/repository/org/springframework/cloud/spring-cloud-stream-binder-kafka-core/3.0.9.RELEASE/spring-cloud-stream-binder-kafka-core-3.0.9.RELEASE.jar:/Users/rod/.m2/repository/org/springframework/integration/spring-integration-kafka/3.3.1.RELEASE/spring-integration-kafka-3.3.1.RELEASE.jar:/Users/rod/.m2/repository/org/apache/kafka/kafka-clients/2.5.1/kafka-clients-2.5.1.jar:/Users/rod/.m2/repository/com/github/luben/zstd-jni/1.4.4-7/zstd-jni-1.4.4-7.jar:/Users/rod/.m2/repository/org/lz4/lz4-java/1.7.1/lz4-java-1.7.1.jar:/Users/rod/.m2/repository/org/xerial/snappy/snappy-java/1.1.7.3/snappy-java-1.1.7.3.jar:/Users/rod/.m2/repository/org/slf4j/slf4j-api/1.7.30/slf4j-api-1.7.30.jar:/Users/rod/.m2/repository/org/springframework/kafka/spring-kafka/2.5.8.RELEASE/spring-kafka-2.5.8.RELEASE.jar:/Users/rod/.m2/repository/org/springframework/boot/spring-boot-devtools/2.3.6.RELEASE/spring-boot-devtools-2.3.6.RELEASE.jar:/Users/rod/.m2/repository/org/springframework/boot/spring-boot/2.3.6.RELEASE/spring-boot-2.3.6.RELEASE.jar:/Users/rod/.m2/repository/org/springframework/boot/spring-boot-autoconfigure/2.3.6.RELEASE/spring-boot-autoconfigure-2.3.6.RELEASE.jar:/Users/rod/.m2/repository/org/projectlombok/lombok/1.18.16/lombok-1.18.16.jar:/Users/rod/.m2/repository/org/springframework/boot/spring-boot-starter-test/2.3.6.RELEASE/spring-boot-starter-test-2.3.6.RELEASE.jar:/Users/rod/.m2/repository/org/springframework/boot/spring-boot-starter/2.3.6.RELEASE/spring-boot-starter-2.3.6.RELEASE.jar:/Users/rod/.m2/repository/org/springframework/boot/spring-boot-starter-logging/2.3.6.RELEASE/spring-boot-starter-logging-2.3.6.RELEASE.jar:/Users/rod/.m2/repository/ch/qos/logback/logback-classic/1.2.3/logback-classic-1.2.3.jar:/Users/rod/.m2/repository/ch/qos/logback/logback-core/1.2.3/logback-core-1.2.3.jar:/Users/rod/.m2/repository/org/apache/logging/log4j/log4j-to-slf4j/2.13.3/log4j-to-slf4j-2.13.3.jar:/Users/rod/.m2/repository/org/apache/logging/log4j/log4j-api/2.13.3/log4j-api-2.13.3.jar:/Users/rod/.m2/repository/org/slf4j/jul-to-slf4j/1.7.30/jul-to-slf4j-1.7.30.jar:/Users/rod/.m2/repository/jakarta/annotation/jakarta.annotation-api/1.3.5/jakarta.annotation-api-1.3.5.jar:/Users/rod/.m2/repository/org/yaml/snakeyaml/1.26/snakeyaml-1.26.jar:/Users/rod/.m2/repository/org/springframework/boot/spring-boot-test/2.3.6.RELEASE/spring-boot-test-2.3.6.RELEASE.jar:/Users/rod/.m2/repository/org/springframework/boot/spring-boot-test-autoconfigure/2.3.6.RELEASE/spring-boot-test-autoconfigure-2.3.6.RELEASE.jar:/Users/rod/.m2/repository/com/jayway/jsonpath/json-path/2.4.0/json-path-2.4.0.jar:/Users/rod/.m2/repository/net/minidev/json-smart/2.3/json-smart-2.3.jar:/Users/rod/.m2/repository/net/minidev/accessors-smart/1.2/accessors-smart-1.2.jar:/Users/rod/.m2/repository/jakarta/xml/bind/jakarta.xml.bind-api/2.3.3/jakarta.xml.bind-api-2.3.3.jar:/Users/rod/.m2/repository/jakarta/activation/jakarta.activation-api/1.2.2/jakarta.activation-api-1.2.2.jar:/Users/rod/.m2/repository/org/assertj/assertj-core/3.16.1/assertj-core-3.16.1.jar:/Users/rod/.m2/repository/org/hamcrest/hamcrest/2.2/hamcrest-2.2.jar:/Users/rod/.m2/repository/org/junit/jupiter/junit-jupiter/5.6.3/junit-jupiter-5.6.3.jar:/Users/rod/.m2/repository/org/junit/jupiter/junit-jupiter-api/5.6.3/junit-jupiter-api-5.6.3.jar:/Users/rod/.m2/repository/org/apiguardian/apiguardian-api/1.1.0/apiguardian-api-1.1.0.jar:/Users/rod/.m2/repository/org/opentest4j/opentest4j/1.2.0/opentest4j-1.2.0.jar:/Users/rod/.m2/repository/org/junit/platform/junit-platform-commons/1.6.3/junit-platform-commons-1.6.3.jar:/Users/rod/.m2/repository/org/junit/jupiter/junit-jupiter-params/5.6.3/junit-jupiter-params-5.6.3.jar:/Users/rod/.m2/repository/org/junit/jupiter/junit-jupiter-engine/5.6.3/junit-jupiter-engine-5.6.3.jar:/Users/rod/.m2/repository/org/junit/platform/junit-platform-engine/1.6.3/junit-platform-engine-1.6.3.jar:/Users/rod/.m2/repository/org/mockito/mockito-core/3.3.3/mockito-core-3.3.3.jar:/Users/rod/.m2/repository/net/bytebuddy/byte-buddy/1.10.18/byte-buddy-1.10.18.jar:/Users/rod/.m2/repository/net/bytebuddy/byte-buddy-agent/1.10.18/byte-buddy-agent-1.10.18.jar:/Users/rod/.m2/repository/org/objenesis/objenesis/2.6/objenesis-2.6.jar:/Users/rod/.m2/repository/org/mockito/mockito-junit-jupiter/3.3.3/mockito-junit-jupiter-3.3.3.jar:/Users/rod/.m2/repository/org/skyscreamer/jsonassert/1.5.0/jsonassert-1.5.0.jar:/Users/rod/.m2/repository/com/vaadin/external/google/android-json/0.0.20131108.vaadin1/android-json-0.0.20131108.vaadin1.jar:/Users/rod/.m2/repository/org/springframework/spring-core/5.2.11.RELEASE/spring-core-5.2.11.RELEASE.jar:/Users/rod/.m2/repository/org/springframework/spring-jcl/5.2.11.RELEASE/spring-jcl-5.2.11.RELEASE.jar:/Users/rod/.m2/repository/org/springframework/spring-test/5.2.11.RELEASE/spring-test-5.2.11.RELEASE.jar:/Users/rod/.m2/repository/org/xmlunit/xmlunit-core/2.7.0/xmlunit-core-2.7.0.jar:/Users/rod/.m2/repository/org/springframework/cloud/spring-cloud-stream/3.0.9.RELEASE/spring-cloud-stream-3.0.9.RELEASE-test-binder.jar:/Users/rod/.m2/repository/org/springframework/cloud/spring-cloud-stream-test-support/3.0.9.RELEASE/spring-cloud-stream-test-support-3.0.9.RELEASE.jar:/Users/rod/.m2/repository/com/fasterxml/jackson/core/jackson-databind/2.11.3/jackson-databind-2.11.3.jar:/Users/rod/.m2/repository/com/fasterxml/jackson/core/jackson-annotations/2.11.3/jackson-annotations-2.11.3.jar:/Users/rod/.m2/repository/com/fasterxml/jackson/core/jackson-core/2.11.3/jackson-core-2.11.3.jar:/Users/rod/.m2/repository/org/springframework/cloud/spring-cloud-starter-contract-verifier/2.2.5.RELEASE/spring-cloud-starter-contract-verifier-2.2.5.RELEASE.jar:/Users/rod/.m2/repository/org/springframework/cloud/spring-cloud-contract-verifier/2.2.5.RELEASE/spring-cloud-contract-verifier-2.2.5.RELEASE.jar:/Users/rod/.m2/repository/org/springframework/cloud/spring-cloud-contract-spec/2.2.5.RELEASE/spring-cloud-contract-spec-2.2.5.RELEASE.jar:/Users/rod/.m2/repository/org/springframework/cloud/spring-cloud-contract-spec-java/2.2.5.RELEASE/spring-cloud-contract-spec-java-2.2.5.RELEASE.jar:/Users/rod/.m2/repository/dk/brics/automaton/automaton/1.11-8/automaton-1.11-8.jar:/Users/rod/.m2/repository/org/apache/commons/commons-text/1.7/commons-text-1.7.jar:/Users/rod/.m2/repository/org/springframework/cloud/spring-cloud-contract-spec-groovy/2.2.5.RELEASE/spring-cloud-contract-spec-groovy-2.2.5.RELEASE.jar:/Users/rod/.m2/repository/org/springframework/cloud/spring-cloud-contract-shade/2.2.5.RELEASE/spring-cloud-contract-shade-2.2.5.RELEASE.jar:/Users/rod/.m2/repository/javax/inject/javax.inject/1/javax.inject-1.jar:/Users/rod/.m2/repository/com/github/tomakehurst/wiremock-jre8-standalone/2.26.2/wiremock-jre8-standalone-2.26.2.jar:/Users/rod/.m2/repository/org/apache/maven/resolver/maven-resolver-api/1.3.3/maven-resolver-api-1.3.3.jar:/Users/rod/.m2/repository/com/rackspace/eclipse/webtools/sourceediting/org.eclipse.wst.xml.xpath2.processor/2.1.100/org.eclipse.wst.xml.xpath2.processor-2.1.100.jar:/Users/rod/.m2/repository/edu/princeton/cup/java-cup/10k/java-cup-10k.jar:/Users/rod/.m2/repository/com/ibm/icu/icu4j/4.6/icu4j-4.6.jar:/Users/rod/.m2/repository/org/codehaus/groovy/groovy/2.5.13/groovy-2.5.13.jar:/Users/rod/.m2/repository/org/codehaus/groovy/groovy-nio/2.5.13/groovy-nio-2.5.13.jar:/Users/rod/.m2/repository/org/codehaus/groovy/groovy-json/2.5.13/groovy-json-2.5.13.jar:/Users/rod/.m2/repository/org/codehaus/groovy/groovy-xml/2.5.13/groovy-xml-2.5.13.jar:/Users/rod/.m2/repository/com/github/jknack/handlebars/4.1.2/handlebars-4.1.2.jar:/Users/rod/.m2/repository/commons-beanutils/commons-beanutils/1.9.4/commons-beanutils-1.9.4.jar:/Users/rod/.m2/repository/commons-logging/commons-logging/1.2/commons-logging-1.2.jar:/Users/rod/.m2/repository/commons-collections/commons-collections/3.2.2/commons-collections-3.2.2.jar:/Users/rod/.m2/repository/com/fasterxml/jackson/dataformat/jackson-dataformat-yaml/2.11.3/jackson-dataformat-yaml-2.11.3.jar:/Users/rod/.m2/repository/org/springframework/cloud/spring-cloud-function-compiler/3.0.11.RELEASE/spring-cloud-function-compiler-3.0.11.RELEASE.jar:/Users/rod/.m2/repository/org/eclipse/jdt/core/compiler/ecj/4.4.2/ecj-4.4.2.jar:/Users/rod/.m2/repository/io/rest-assured/rest-assured/3.3.0/rest-assured-3.3.0.jar:/Users/rod/.m2/repository/org/apache/httpcomponents/httpclient/4.5.13/httpclient-4.5.13.jar:/Users/rod/.m2/repository/org/apache/httpcomponents/httpcore/4.4.13/httpcore-4.4.13.jar:/Users/rod/.m2/repository/commons-codec/commons-codec/1.14/commons-codec-1.14.jar:/Users/rod/.m2/repository/org/apache/httpcomponents/httpmime/4.5.13/httpmime-4.5.13.jar:/Users/rod/.m2/repository/org/hamcrest/hamcrest-core/2.2/hamcrest-core-2.2.jar:/Users/rod/.m2/repository/org/hamcrest/hamcrest-library/2.2/hamcrest-library-2.2.jar:/Users/rod/.m2/repository/org/ccil/cowan/tagsoup/tagsoup/1.2.1/tagsoup-1.2.1.jar:/Users/rod/.m2/repository/io/rest-assured/json-path/3.3.0/json-path-3.3.0.jar:/Users/rod/.m2/repository/io/rest-assured/rest-assured-common/3.3.0/rest-assured-common-3.3.0.jar:/Users/rod/.m2/repository/io/rest-assured/xml-path/3.3.0/xml-path-3.3.0.jar:/Users/rod/.m2/repository/org/apache/commons/commons-lang3/3.10/commons-lang3-3.10.jar:/Users/rod/.m2/repository/javax/xml/bind/jaxb-api/2.3.1/jaxb-api-2.3.1.jar:/Users/rod/.m2/repository/javax/activation/javax.activation-api/1.2.0/javax.activation-api-1.2.0.jar:/Users/rod/.m2/repository/org/apache/sling/org.apache.sling.javax.activation/0.1.0/org.apache.sling.javax.activation-0.1.0.jar:/Users/rod/.m2/repository/javax/activation/activation/1.1.1/activation-1.1.1.jar:/Users/rod/.m2/repository/io/rest-assured/spring-mock-mvc/3.3.0/spring-mock-mvc-3.3.0.jar:/Users/rod/.m2/repository/io/rest-assured/spring-commons/3.3.0/spring-commons-3.3.0.jar:/Users/rod/.m2/repository/org/springframework/spring-webmvc/5.2.11.RELEASE/spring-webmvc-5.2.11.RELEASE.jar:/Users/rod/.m2/repository/org/springframework/spring-web/5.2.11.RELEASE/spring-web-5.2.11.RELEASE.jar:/Users/rod/.m2/repository/com/toomuchcoding/jsonassert/jsonassert/0.4.14/jsonassert-0.4.14.jar:/Users/rod/.m2/repository/cglib/cglib/3.2.9/cglib-3.2.9.jar:/Users/rod/.m2/repository/org/ow2/asm/asm/7.0/asm-7.0.jar:/Users/rod/.m2/repository/org/apache/ant/ant/1.10.3/ant-1.10.3.jar:/Users/rod/.m2/repository/org/apache/ant/ant-launcher/1.10.3/ant-launcher-1.10.3.jar:"/>
    <property name="java.vm.vendor" value="Eclipse OpenJ9"/>
    <property name="com.ibm.vm.bitmode" value="64"/>
    <property name="sun.arch.data.model" value="64"/>
    <property name="user.variant" value=""/>
    <property name="com.ibm.oti.vm.library.version" value="29"/>
    <property name="java.vendor.url" value="https://adoptopenjdk.net/"/>
    <property name="user.timezone" value=""/>
    <property name="os.name" value="Mac OS X"/>
    <property name="java.vm.specification.version" value="11"/>
    <property name="user.country" value="AU"/>
    <property name="sun.java.launcher" value="SUN_STANDARD"/>
    <property name="sun.boot.library.path" value="/Users/rod/.sdkman/candidates/java/11.0.9.j9-adpt/lib/compressedrefs:/Users/rod/.sdkman/candidates/java/11.0.9.j9-adpt/lib"/>
    <property name="sun.java.command" value="/Users/rod/Work/Repos/spring-cloud-contract-demo/ingestion/target/surefire/surefirebooter6973309710449812663.jar /Users/rod/Work/Repos/spring-cloud-contract-demo/ingestion/target/surefire 2020-12-06T10-33-51_924-jvmRun1 surefire6191557137455845893tmp surefire_0724549759591972244tmp"/>
    <property name="surefire.test.class.path" value="/Users/rod/Work/Repos/spring-cloud-contract-demo/ingestion/target/test-classes:/Users/rod/Work/Repos/spring-cloud-contract-demo/ingestion/target/classes:/Users/rod/.m2/repository/org/springframework/cloud/spring-cloud-stream/3.0.9.RELEASE/spring-cloud-stream-3.0.9.RELEASE.jar:/Users/rod/.m2/repository/org/springframework/boot/spring-boot-starter-validation/2.3.6.RELEASE/spring-boot-starter-validation-2.3.6.RELEASE.jar:/Users/rod/.m2/repository/org/glassfish/jakarta.el/3.0.3/jakarta.el-3.0.3.jar:/Users/rod/.m2/repository/org/hibernate/validator/hibernate-validator/6.1.6.Final/hibernate-validator-6.1.6.Final.jar:/Users/rod/.m2/repository/jakarta/validation/jakarta.validation-api/2.0.2/jakarta.validation-api-2.0.2.jar:/Users/rod/.m2/repository/org/jboss/logging/jboss-logging/3.4.1.Final/jboss-logging-3.4.1.Final.jar:/Users/rod/.m2/repository/com/fasterxml/classmate/1.5.1/classmate-1.5.1.jar:/Users/rod/.m2/repository/org/springframework/spring-messaging/5.2.11.RELEASE/spring-messaging-5.2.11.RELEASE.jar:/Users/rod/.m2/repository/org/springframework/spring-beans/5.2.11.RELEASE/spring-beans-5.2.11.RELEASE.jar:/Users/rod/.m2/repository/org/springframework/integration/spring-integration-core/5.3.4.RELEASE/spring-integration-core-5.3.4.RELEASE.jar:/Users/rod/.m2/repository/org/springframework/spring-aop/5.2.11.RELEASE/spring-aop-5.2.11.RELEASE.jar:/Users/rod/.m2/repository/org/springframework/spring-context/5.2.11.RELEASE/spring-context-5.2.11.RELEASE.jar:/Users/rod/.m2/repository/org/springframework/spring-expression/5.2.11.RELEASE/spring-expression-5.2.11.RELEASE.jar:/Users/rod/.m2/repository/org/springframework/spring-tx/5.2.11.RELEASE/spring-tx-5.2.11.RELEASE.jar:/Users/rod/.m2/repository/io/projectreactor/reactor-core/3.3.11.RELEASE/reactor-core-3.3.11.RELEASE.jar:/Users/rod/.m2/repository/org/reactivestreams/reactive-streams/1.0.3/reactive-streams-1.0.3.jar:/Users/rod/.m2/repository/org/springframework/integration/spring-integration-jmx/5.3.4.RELEASE/spring-integration-jmx-5.3.4.RELEASE.jar:/Users/rod/.m2/repository/org/springframework/retry/spring-retry/1.2.5.RELEASE/spring-retry-1.2.5.RELEASE.jar:/Users/rod/.m2/repository/org/springframework/cloud/spring-cloud-function-context/3.0.11.RELEASE/spring-cloud-function-context-3.0.11.RELEASE.jar:/Users/rod/.m2/repository/net/jodah/typetools/0.6.2/typetools-0.6.2.jar:/Users/rod/.m2/repository/org/springframework/cloud/spring-cloud-function-core/3.0.11.RELEASE/spring-cloud-function-core-3.0.11.RELEASE.jar:/Users/rod/.m2/repository/javax/annotation/javax.annotation-api/1.3.2/javax.annotation-api-1.3.2.jar:/Users/rod/.m2/repository/org/springframework/cloud/spring-cloud-stream-binder-kafka/3.0.9.RELEASE/spring-cloud-stream-binder-kafka-3.0.9.RELEASE.jar:/Users/rod/.m2/repository/org/springframework/cloud/spring-cloud-stream-binder-kafka-core/3.0.9.RELEASE/spring-cloud-stream-binder-kafka-core-3.0.9.RELEASE.jar:/Users/rod/.m2/repository/org/springframework/integration/spring-integration-kafka/3.3.1.RELEASE/spring-integration-kafka-3.3.1.RELEASE.jar:/Users/rod/.m2/repository/org/apache/kafka/kafka-clients/2.5.1/kafka-clients-2.5.1.jar:/Users/rod/.m2/repository/com/github/luben/zstd-jni/1.4.4-7/zstd-jni-1.4.4-7.jar:/Users/rod/.m2/repository/org/lz4/lz4-java/1.7.1/lz4-java-1.7.1.jar:/Users/rod/.m2/repository/org/xerial/snappy/snappy-java/1.1.7.3/snappy-java-1.1.7.3.jar:/Users/rod/.m2/repository/org/slf4j/slf4j-api/1.7.30/slf4j-api-1.7.30.jar:/Users/rod/.m2/repository/org/springframework/kafka/spring-kafka/2.5.8.RELEASE/spring-kafka-2.5.8.RELEASE.jar:/Users/rod/.m2/repository/org/springframework/boot/spring-boot-devtools/2.3.6.RELEASE/spring-boot-devtools-2.3.6.RELEASE.jar:/Users/rod/.m2/repository/org/springframework/boot/spring-boot/2.3.6.RELEASE/spring-boot-2.3.6.RELEASE.jar:/Users/rod/.m2/repository/org/springframework/boot/spring-boot-autoconfigure/2.3.6.RELEASE/spring-boot-autoconfigure-2.3.6.RELEASE.jar:/Users/rod/.m2/repository/org/projectlombok/lombok/1.18.16/lombok-1.18.16.jar:/Users/rod/.m2/repository/org/springframework/boot/spring-boot-starter-test/2.3.6.RELEASE/spring-boot-starter-test-2.3.6.RELEASE.jar:/Users/rod/.m2/repository/org/springframework/boot/spring-boot-starter/2.3.6.RELEASE/spring-boot-starter-2.3.6.RELEASE.jar:/Users/rod/.m2/repository/org/springframework/boot/spring-boot-starter-logging/2.3.6.RELEASE/spring-boot-starter-logging-2.3.6.RELEASE.jar:/Users/rod/.m2/repository/ch/qos/logback/logback-classic/1.2.3/logback-classic-1.2.3.jar:/Users/rod/.m2/repository/ch/qos/logback/logback-core/1.2.3/logback-core-1.2.3.jar:/Users/rod/.m2/repository/org/apache/logging/log4j/log4j-to-slf4j/2.13.3/log4j-to-slf4j-2.13.3.jar:/Users/rod/.m2/repository/org/apache/logging/log4j/log4j-api/2.13.3/log4j-api-2.13.3.jar:/Users/rod/.m2/repository/org/slf4j/jul-to-slf4j/1.7.30/jul-to-slf4j-1.7.30.jar:/Users/rod/.m2/repository/jakarta/annotation/jakarta.annotation-api/1.3.5/jakarta.annotation-api-1.3.5.jar:/Users/rod/.m2/repository/org/yaml/snakeyaml/1.26/snakeyaml-1.26.jar:/Users/rod/.m2/repository/org/springframework/boot/spring-boot-test/2.3.6.RELEASE/spring-boot-test-2.3.6.RELEASE.jar:/Users/rod/.m2/repository/org/springframework/boot/spring-boot-test-autoconfigure/2.3.6.RELEASE/spring-boot-test-autoconfigure-2.3.6.RELEASE.jar:/Users/rod/.m2/repository/com/jayway/jsonpath/json-path/2.4.0/json-path-2.4.0.jar:/Users/rod/.m2/repository/net/minidev/json-smart/2.3/json-smart-2.3.jar:/Users/rod/.m2/repository/net/minidev/accessors-smart/1.2/accessors-smart-1.2.jar:/Users/rod/.m2/repository/jakarta/xml/bind/jakarta.xml.bind-api/2.3.3/jakarta.xml.bind-api-2.3.3.jar:/Users/rod/.m2/repository/jakarta/activation/jakarta.activation-api/1.2.2/jakarta.activation-api-1.2.2.jar:/Users/rod/.m2/repository/org/assertj/assertj-core/3.16.1/assertj-core-3.16.1.jar:/Users/rod/.m2/repository/org/hamcrest/hamcrest/2.2/hamcrest-2.2.jar:/Users/rod/.m2/repository/org/junit/jupiter/junit-jupiter/5.6.3/junit-jupiter-5.6.3.jar:/Users/rod/.m2/repository/org/junit/jupiter/junit-jupiter-api/5.6.3/junit-jupiter-api-5.6.3.jar:/Users/rod/.m2/repository/org/apiguardian/apiguardian-api/1.1.0/apiguardian-api-1.1.0.jar:/Users/rod/.m2/repository/org/opentest4j/opentest4j/1.2.0/opentest4j-1.2.0.jar:/Users/rod/.m2/repository/org/junit/platform/junit-platform-commons/1.6.3/junit-platform-commons-1.6.3.jar:/Users/rod/.m2/repository/org/junit/jupiter/junit-jupiter-params/5.6.3/junit-jupiter-params-5.6.3.jar:/Users/rod/.m2/repository/org/junit/jupiter/junit-jupiter-engine/5.6.3/junit-jupiter-engine-5.6.3.jar:/Users/rod/.m2/repository/org/junit/platform/junit-platform-engine/1.6.3/junit-platform-engine-1.6.3.jar:/Users/rod/.m2/repository/org/mockito/mockito-core/3.3.3/mockito-core-3.3.3.jar:/Users/rod/.m2/repository/net/bytebuddy/byte-buddy/1.10.18/byte-buddy-1.10.18.jar:/Users/rod/.m2/repository/net/bytebuddy/byte-buddy-agent/1.10.18/byte-buddy-agent-1.10.18.jar:/Users/rod/.m2/repository/org/objenesis/objenesis/2.6/objenesis-2.6.jar:/Users/rod/.m2/repository/org/mockito/mockito-junit-jupiter/3.3.3/mockito-junit-jupiter-3.3.3.jar:/Users/rod/.m2/repository/org/skyscreamer/jsonassert/1.5.0/jsonassert-1.5.0.jar:/Users/rod/.m2/repository/com/vaadin/external/google/android-json/0.0.20131108.vaadin1/android-json-0.0.20131108.vaadin1.jar:/Users/rod/.m2/repository/org/springframework/spring-core/5.2.11.RELEASE/spring-core-5.2.11.RELEASE.jar:/Users/rod/.m2/repository/org/springframework/spring-jcl/5.2.11.RELEASE/spring-jcl-5.2.11.RELEASE.jar:/Users/rod/.m2/repository/org/springframework/spring-test/5.2.11.RELEASE/spring-test-5.2.11.RELEASE.jar:/Users/rod/.m2/repository/org/xmlunit/xmlunit-core/2.7.0/xmlunit-core-2.7.0.jar:/Users/rod/.m2/repository/org/springframework/cloud/spring-cloud-stream/3.0.9.RELEASE/spring-cloud-stream-3.0.9.RELEASE-test-binder.jar:/Users/rod/.m2/repository/org/springframework/cloud/spring-cloud-stream-test-support/3.0.9.RELEASE/spring-cloud-stream-test-support-3.0.9.RELEASE.jar:/Users/rod/.m2/repository/com/fasterxml/jackson/core/jackson-databind/2.11.3/jackson-databind-2.11.3.jar:/Users/rod/.m2/repository/com/fasterxml/jackson/core/jackson-annotations/2.11.3/jackson-annotations-2.11.3.jar:/Users/rod/.m2/repository/com/fasterxml/jackson/core/jackson-core/2.11.3/jackson-core-2.11.3.jar:/Users/rod/.m2/repository/org/springframework/cloud/spring-cloud-starter-contract-verifier/2.2.5.RELEASE/spring-cloud-starter-contract-verifier-2.2.5.RELEASE.jar:/Users/rod/.m2/repository/org/springframework/cloud/spring-cloud-contract-verifier/2.2.5.RELEASE/spring-cloud-contract-verifier-2.2.5.RELEASE.jar:/Users/rod/.m2/repository/org/springframework/cloud/spring-cloud-contract-spec/2.2.5.RELEASE/spring-cloud-contract-spec-2.2.5.RELEASE.jar:/Users/rod/.m2/repository/org/springframework/cloud/spring-cloud-contract-spec-java/2.2.5.RELEASE/spring-cloud-contract-spec-java-2.2.5.RELEASE.jar:/Users/rod/.m2/repository/dk/brics/automaton/automaton/1.11-8/automaton-1.11-8.jar:/Users/rod/.m2/repository/org/apache/commons/commons-text/1.7/commons-text-1.7.jar:/Users/rod/.m2/repository/org/springframework/cloud/spring-cloud-contract-spec-groovy/2.2.5.RELEASE/spring-cloud-contract-spec-groovy-2.2.5.RELEASE.jar:/Users/rod/.m2/repository/org/springframework/cloud/spring-cloud-contract-shade/2.2.5.RELEASE/spring-cloud-contract-shade-2.2.5.RELEASE.jar:/Users/rod/.m2/repository/javax/inject/javax.inject/1/javax.inject-1.jar:/Users/rod/.m2/repository/com/github/tomakehurst/wiremock-jre8-standalone/2.26.2/wiremock-jre8-standalone-2.26.2.jar:/Users/rod/.m2/repository/org/apache/maven/resolver/maven-resolver-api/1.3.3/maven-resolver-api-1.3.3.jar:/Users/rod/.m2/repository/com/rackspace/eclipse/webtools/sourceediting/org.eclipse.wst.xml.xpath2.processor/2.1.100/org.eclipse.wst.xml.xpath2.processor-2.1.100.jar:/Users/rod/.m2/repository/edu/princeton/cup/java-cup/10k/java-cup-10k.jar:/Users/rod/.m2/repository/com/ibm/icu/icu4j/4.6/icu4j-4.6.jar:/Users/rod/.m2/repository/org/codehaus/groovy/groovy/2.5.13/groovy-2.5.13.jar:/Users/rod/.m2/repository/org/codehaus/groovy/groovy-nio/2.5.13/groovy-nio-2.5.13.jar:/Users/rod/.m2/repository/org/codehaus/groovy/groovy-json/2.5.13/groovy-json-2.5.13.jar:/Users/rod/.m2/repository/org/codehaus/groovy/groovy-xml/2.5.13/groovy-xml-2.5.13.jar:/Users/rod/.m2/repository/com/github/jknack/handlebars/4.1.2/handlebars-4.1.2.jar:/Users/rod/.m2/repository/commons-beanutils/commons-beanutils/1.9.4/commons-beanutils-1.9.4.jar:/Users/rod/.m2/repository/commons-logging/commons-logging/1.2/commons-logging-1.2.jar:/Users/rod/.m2/repository/commons-collections/commons-collections/3.2.2/commons-collections-3.2.2.jar:/Users/rod/.m2/repository/com/fasterxml/jackson/dataformat/jackson-dataformat-yaml/2.11.3/jackson-dataformat-yaml-2.11.3.jar:/Users/rod/.m2/repository/org/springframework/cloud/spring-cloud-function-compiler/3.0.11.RELEASE/spring-cloud-function-compiler-3.0.11.RELEASE.jar:/Users/rod/.m2/repository/org/eclipse/jdt/core/compiler/ecj/4.4.2/ecj-4.4.2.jar:/Users/rod/.m2/repository/io/rest-assured/rest-assured/3.3.0/rest-assured-3.3.0.jar:/Users/rod/.m2/repository/org/apache/httpcomponents/httpclient/4.5.13/httpclient-4.5.13.jar:/Users/rod/.m2/repository/org/apache/httpcomponents/httpcore/4.4.13/httpcore-4.4.13.jar:/Users/rod/.m2/repository/commons-codec/commons-codec/1.14/commons-codec-1.14.jar:/Users/rod/.m2/repository/org/apache/httpcomponents/httpmime/4.5.13/httpmime-4.5.13.jar:/Users/rod/.m2/repository/org/hamcrest/hamcrest-core/2.2/hamcrest-core-2.2.jar:/Users/rod/.m2/repository/org/hamcrest/hamcrest-library/2.2/hamcrest-library-2.2.jar:/Users/rod/.m2/repository/org/ccil/cowan/tagsoup/tagsoup/1.2.1/tagsoup-1.2.1.jar:/Users/rod/.m2/repository/io/rest-assured/json-path/3.3.0/json-path-3.3.0.jar:/Users/rod/.m2/repository/io/rest-assured/rest-assured-common/3.3.0/rest-assured-common-3.3.0.jar:/Users/rod/.m2/repository/io/rest-assured/xml-path/3.3.0/xml-path-3.3.0.jar:/Users/rod/.m2/repository/org/apache/commons/commons-lang3/3.10/commons-lang3-3.10.jar:/Users/rod/.m2/repository/javax/xml/bind/jaxb-api/2.3.1/jaxb-api-2.3.1.jar:/Users/rod/.m2/repository/javax/activation/javax.activation-api/1.2.0/javax.activation-api-1.2.0.jar:/Users/rod/.m2/repository/org/apache/sling/org.apache.sling.javax.activation/0.1.0/org.apache.sling.javax.activation-0.1.0.jar:/Users/rod/.m2/repository/javax/activation/activation/1.1.1/activation-1.1.1.jar:/Users/rod/.m2/repository/io/rest-assured/spring-mock-mvc/3.3.0/spring-mock-mvc-3.3.0.jar:/Users/rod/.m2/repository/io/rest-assured/spring-commons/3.3.0/spring-commons-3.3.0.jar:/Users/rod/.m2/repository/org/springframework/spring-webmvc/5.2.11.RELEASE/spring-webmvc-5.2.11.RELEASE.jar:/Users/rod/.m2/repository/org/springframework/spring-web/5.2.11.RELEASE/spring-web-5.2.11.RELEASE.jar:/Users/rod/.m2/repository/com/toomuchcoding/jsonassert/jsonassert/0.4.14/jsonassert-0.4.14.jar:/Users/rod/.m2/repository/cglib/cglib/3.2.9/cglib-3.2.9.jar:/Users/rod/.m2/repository/org/ow2/asm/asm/7.0/asm-7.0.jar:/Users/rod/.m2/repository/org/apache/ant/ant/1.10.3/ant-1.10.3.jar:/Users/rod/.m2/repository/org/apache/ant/ant-launcher/1.10.3/ant-launcher-1.10.3.jar:"/>
    <property name="sun.cpu.endian" value="little"/>
    <property name="user.home" value="/Users/rod"/>
    <property name="user.language" value="en"/>
    <property name="java.specification.vendor" value="Oracle Corporation"/>
    <property name="java.version.date" value="2020-10-20"/>
    <property name="java.home" value="/Users/rod/.sdkman/candidates/java/11.0.9.j9-adpt"/>
    <property name="ibm.signalhandling.rs" value="false"/>
    <property name="jdk.extensions.name" value="Extensions for OpenJDK for Eclipse OpenJ9"/>
    <property name="basedir" value="/Users/rod/Work/Repos/spring-cloud-contract-demo/ingestion"/>
    <property name="file.separator" value="/"/>
    <property name="line.separator" value="&#10;"/>
    <property name="java.vm.specification.vendor" value="Oracle Corporation"/>
    <property name="java.specification.name" value="Java Platform API Specification"/>
    <property name="java.compiler" value="j9jit29"/>
    <property name="com.ibm.util.extralibs.properties" value=""/>
    <property name="java.awt.graphicsenv" value="sun.awt.CGraphicsEnvironment"/>
    <property name="com.ibm.oti.configuration" value="scar"/>
    <property name="surefire.real.class.path" value="/Users/rod/Work/Repos/spring-cloud-contract-demo/ingestion/target/surefire/surefirebooter6973309710449812663.jar"/>
    <property name="com.ibm.oti.shared.enabled" value="false"/>
    <property name="com.ibm.oti.vm.bootstrap.library.path" value="/Users/rod/.sdkman/candidates/java/11.0.9.j9-adpt/lib/compressedrefs:/Users/rod/.sdkman/candidates/java/11.0.9.j9-adpt/lib"/>
    <property name="com.ibm.cpu.endian" value="little"/>
    <property name="java.fullversion" value="11.0.9+11&#10;JRE 11 Mac OS X amd64-64-Bit Compressed References 20201023_788 (JIT enabled, AOT enabled)&#10;OpenJ9   - 0394ef754&#10;OMR      - 582366ae5&#10;JCL      - 3b09cfd7e9 based on jdk-11.0.9+11"/>
    <property name="java.runtime.version" value="11.0.9+11"/>
    <property name="user.name" value="rod"/>
    <property name="path.separator" value=":"/>
    <property name="os.version" value="10.15.7"/>
    <property name="java.runtime.name" value="OpenJDK Runtime Environment"/>
    <property name="ibm.signalhandling.sigint" value="true"/>
    <property name="file.encoding" value="UTF-8"/>
    <property name="java.vm.name" value="Eclipse OpenJ9 VM"/>
    <property name="java.vendor.version" value="AdoptOpenJDK"/>
    <property name="ibm.signalhandling.sigchain" value="true"/>
    <property name="localRepository" value="/Users/rod/.m2/repository"/>
    <property name="java.vendor.url.bug" value="https://github.com/AdoptOpenJDK/openjdk-support/issues"/>
    <property name="java.io.tmpdir" value="/var/folders/sf/7_5ndt1n26qdt6whkjkt2dbr0000gn/T/"/>
    <property name="idea.version" value="2020.2.3"/>
    <property name="java.version" value="11.0.9"/>
    <property name="user.dir" value="/Users/rod/Work/Repos/spring-cloud-contract-demo/ingestion"/>
    <property name="com.ibm.system.agent.path" value="/Users/rod/.sdkman/candidates/java/11.0.9.j9-adpt/lib"/>
    <property name="os.arch" value="x86_64"/>
    <property name="java.vm.specification.name" value="Java Virtual Machine Specification"/>
    <property name="java.awt.printerjob" value="sun.lwawt.macosx.CPrinterJob"/>
    <property name="os.encoding" value="UTF-8"/>
    <property name="java.library.path" value="/Users/rod/.sdkman/candidates/java/11.0.9.j9-adpt/lib/compressedrefs:/Users/rod/.sdkman/candidates/java/11.0.9.j9-adpt/lib:/usr/lib"/>
    <property name="java.vm.info" value="JRE 11 Mac OS X amd64-64-Bit Compressed References 20201023_788 (JIT enabled, AOT enabled)&#10;OpenJ9   - 0394ef754&#10;OMR      - 582366ae5&#10;JCL      - 3b09cfd7e9 based on jdk-11.0.9+11"/>
    <property name="java.vendor" value="AdoptOpenJDK"/>
    <property name="java.vm.version" value="openj9-0.23.0"/>
    <property name="ibm.system.encoding" value="UTF-8"/>
    <property name="com.ibm.jcl.checkClassPath" value=""/>
    <property name="sun.io.unicode.encoding" value="UnicodeLittle"/>
    <property name="java.class.version" value="55.0"/>
  </properties>
  <testcase name="validate_shouldParseInputPacketAndSendDaliStatusMessage" classname="com.rodmccutcheon.ingestion.ContractVerifierTest" time="0.092">
    <error message="org.springframework.beans.factory.NoSuchBeanDefinitionException: No bean named &apos;dali_status_notifications&apos; available" type="java.lang.IllegalStateException">java.lang.IllegalStateException: org.springframework.beans.factory.NoSuchBeanDefinitionException: No bean named 'dali_status_notifications' available
	at com.rodmccutcheon.ingestion.ContractVerifierTest.validate_shouldParseInputPacketAndSendDaliStatusMessage(ContractVerifierTest.java:36)
Caused by: org.springframework.beans.factory.NoSuchBeanDefinitionException: No bean named 'dali_status_notifications' available
	at com.rodmccutcheon.ingestion.ContractVerifierTest.validate_shouldParseInputPacketAndSendDaliStatusMessage(ContractVerifierTest.java:36)
</error>
    <system-out><![CDATA[2020-12-06 10:33:55.028  INFO 85139 --- [           main] .b.t.c.SpringBootTestContextBootstrapper : Neither @ContextConfiguration nor @ContextHierarchy found for test class [com.rodmccutcheon.ingestion.ContractVerifierTest], using SpringBootContextLoader
2020-12-06 10:33:55.029  INFO 85139 --- [           main] o.s.t.c.support.AbstractContextLoader    : Could not detect default resource locations for test class [com.rodmccutcheon.ingestion.ContractVerifierTest]: no resource found for suffixes {-context.xml, Context.groovy}.
2020-12-06 10:33:55.029  INFO 85139 --- [           main] t.c.s.AnnotationConfigContextLoaderUtils : Could not detect default configuration classes for test class [com.rodmccutcheon.ingestion.ContractVerifierTest]: ContractVerifierTest does not declare any static, non-private, non-final, nested classes annotated with @Configuration.
2020-12-06 10:33:55.033  INFO 85139 --- [           main] .b.t.c.SpringBootTestContextBootstrapper : Found @SpringBootConfiguration com.rodmccutcheon.ingestion.IngestionApplication for test class com.rodmccutcheon.ingestion.ContractVerifierTest
2020-12-06 10:33:55.035  INFO 85139 --- [           main] .b.t.c.SpringBootTestContextBootstrapper : Loaded default TestExecutionListener class names from location [META-INF/spring.factories]: [org.springframework.boot.test.mock.mockito.MockitoTestExecutionListener, org.springframework.boot.test.mock.mockito.ResetMocksTestExecutionListener, org.springframework.boot.test.autoconfigure.restdocs.RestDocsTestExecutionListener, org.springframework.boot.test.autoconfigure.web.client.MockRestServiceServerResetTestExecutionListener, org.springframework.boot.test.autoconfigure.web.servlet.MockMvcPrintOnlyOnFailureTestExecutionListener, org.springframework.boot.test.autoconfigure.web.servlet.WebDriverTestExecutionListener, org.springframework.boot.test.autoconfigure.webservices.client.MockWebServiceServerTestExecutionListener, org.springframework.test.context.web.ServletTestExecutionListener, org.springframework.test.context.support.DirtiesContextBeforeModesTestExecutionListener, org.springframework.test.context.support.DependencyInjectionTestExecutionListener, org.springframework.test.context.support.DirtiesContextTestExecutionListener, org.springframework.test.context.transaction.TransactionalTestExecutionListener, org.springframework.test.context.jdbc.SqlScriptsTestExecutionListener, org.springframework.test.context.event.EventPublishingTestExecutionListener]
2020-12-06 10:33:55.035  INFO 85139 --- [           main] .b.t.c.SpringBootTestContextBootstrapper : Using TestExecutionListeners: [org.springframework.test.context.support.DirtiesContextBeforeModesTestExecutionListener@4b681733, org.springframework.boot.test.mock.mockito.MockitoTestExecutionListener@18997c99, org.springframework.boot.test.autoconfigure.SpringBootDependencyInjectionTestExecutionListener@a75ff7d3, org.springframework.test.context.support.DirtiesContextTestExecutionListener@78756bee, org.springframework.test.context.transaction.TransactionalTestExecutionListener@8fdf6f08, org.springframework.test.context.jdbc.SqlScriptsTestExecutionListener@810c2f74, org.springframework.test.context.event.EventPublishingTestExecutionListener@4b1ad6c3, org.springframework.boot.test.mock.mockito.ResetMocksTestExecutionListener@dba38f18, org.springframework.boot.test.autoconfigure.restdocs.RestDocsTestExecutionListener@9c13855a, org.springframework.boot.test.autoconfigure.web.client.MockRestServiceServerResetTestExecutionListener@1f2ac21e, org.springframework.boot.test.autoconfigure.web.servlet.MockMvcPrintOnlyOnFailureTestExecutionListener@d31a8a45, org.springframework.boot.test.autoconfigure.web.servlet.WebDriverTestExecutionListener@7d9a35b9, org.springframework.boot.test.autoconfigure.webservices.client.MockWebServiceServerTestExecutionListener@bdfa5545]

  .   ____          _            __ _ _
 /\\ / ___'_ __ _ _(_)_ __  __ _ \ \ \ \
( ( )\___ | '_ | '_| | '_ \/ _` | \ \ \ \
 \\/  ___)| |_)| | | | | || (_| |  ) ) ) )
  '  |____| .__|_| |_|_| |_\__, | / / / /
 =========|_|==============|___/=/_/_/_/
 :: Spring Boot ::        (v2.3.6.RELEASE)

2020-12-06 10:33:55.056  INFO 85139 --- [           main] c.r.ingestion.ContractVerifierTest       : Starting ContractVerifierTest on 192-168-1-107.tpgi.com.au with PID 85139 (started by rod in /Users/rod/Work/Repos/spring-cloud-contract-demo/ingestion)
2020-12-06 10:33:55.056  INFO 85139 --- [           main] c.r.ingestion.ContractVerifierTest       : The following profiles are active: test
2020-12-06 10:33:55.176  INFO 85139 --- [           main] faultConfiguringBeanFactoryPostProcessor : No bean named 'errorChannel' has been explicitly defined. Therefore, a default PublishSubscribeChannel will be created.
2020-12-06 10:33:55.177  INFO 85139 --- [           main] faultConfiguringBeanFactoryPostProcessor : No bean named 'taskScheduler' has been explicitly defined. Therefore, a default ThreadPoolTaskScheduler will be created.
2020-12-06 10:33:55.177  INFO 85139 --- [           main] faultConfiguringBeanFactoryPostProcessor : No bean named 'integrationHeaderChannelRegistry' has been explicitly defined. Therefore, a default DefaultHeaderChannelRegistry will be created.
2020-12-06 10:33:55.193  INFO 85139 --- [           main] trationDelegate$BeanPostProcessorChecker : Bean 'org.springframework.integration.config.IntegrationManagementConfiguration' of type [org.springframework.integration.config.IntegrationManagementConfiguration] is not eligible for getting processed by all BeanPostProcessors (for example: not eligible for auto-proxying)
2020-12-06 10:33:55.199  INFO 85139 --- [           main] trationDelegate$BeanPostProcessorChecker : Bean 'integrationChannelResolver' of type [org.springframework.integration.support.channel.BeanFactoryChannelResolver] is not eligible for getting processed by all BeanPostProcessors (for example: not eligible for auto-proxying)
2020-12-06 10:33:55.200  INFO 85139 --- [           main] trationDelegate$BeanPostProcessorChecker : Bean 'integrationDisposableAutoCreatedBeans' of type [org.springframework.integration.config.annotation.Disposables] is not eligible for getting processed by all BeanPostProcessors (for example: not eligible for auto-proxying)
2020-12-06 10:33:55.408  INFO 85139 --- [           main] o.s.s.c.ThreadPoolTaskScheduler          : Initializing ExecutorService 'taskScheduler'
2020-12-06 10:33:55.416  INFO 85139 --- [           main] o.s.c.f.c.c.SimpleFunctionRegistry       : Looking up function 'parse|route' with acceptedOutputTypes: []
2020-12-06 10:33:55.427  INFO 85139 --- [           main] o.s.c.f.c.c.SimpleFunctionRegistry       : Looking up function 'parse|route' with acceptedOutputTypes: []
2020-12-06 10:33:55.427  INFO 85139 --- [           main] o.s.c.f.c.c.SimpleFunctionRegistry       : Looking up function 'parse|route' with acceptedOutputTypes: [application/json]
2020-12-06 10:33:55.441  INFO 85139 --- [           main] o.s.c.s.m.DirectWithAttributesChannel    : Channel 'application.parseroute-in-0' has 1 subscriber(s).
2020-12-06 10:33:55.443  INFO 85139 --- [           main] o.s.c.f.c.c.SimpleFunctionRegistry       : Looking up function 'parse|route' with acceptedOutputTypes: []
2020-12-06 10:33:55.522  INFO 85139 --- [           main] o.s.i.endpoint.EventDrivenConsumer       : Adding {logging-channel-adapter:_org.springframework.integration.errorLogger} as a subscriber to the 'errorChannel' channel
2020-12-06 10:33:55.522  INFO 85139 --- [           main] o.s.i.channel.PublishSubscribeChannel    : Channel 'application.errorChannel' has 1 subscriber(s).
2020-12-06 10:33:55.522  INFO 85139 --- [           main] o.s.i.endpoint.EventDrivenConsumer       : started bean '_org.springframework.integration.errorLogger'
2020-12-06 10:33:55.529  INFO 85139 --- [           main] o.s.c.s.m.DirectWithAttributesChannel    : Channel 'application.parseroute-out-0' has 1 subscriber(s).
2020-12-06 10:33:55.544  INFO 85139 --- [           main] c.r.ingestion.ContractVerifierTest       : Started ContractVerifierTest in 0.506 seconds (JVM running for 3.384)
2020-12-06 10:33:55.550  INFO 85139 --- [           main] o.s.i.h.s.MessagingMethodInvokerHelper   : Overriding default instance of MessageHandlerMethodFactory with provided one.
2020-12-06 10:33:55.597  INFO 85139 --- [           main] o.s.c.s.m.DirectWithAttributesChannel    : Channel 'unknown.channel.name' has 1 subscriber(s).
2020-12-06 10:33:55.597  INFO 85139 --- [           main] figuration$FunctionToDestinationBinder$1 : Output message is sent to 'dali_status_notifications' destination
2020-12-06 10:33:55.601 ERROR 85139 --- [           main] .s.StreamMessageCollectorMessageReceiver : Exception occurred while trying to read a message from  a channel with name [dali_status_notifications]

org.springframework.beans.factory.NoSuchBeanDefinitionException: No bean named 'dali_status_notifications' available
	at org.springframework.beans.factory.support.DefaultListableBeanFactory.getBeanDefinition(DefaultListableBeanFactory.java:816) ~[spring-beans-5.2.11.RELEASE.jar:5.2.11.RELEASE]
	at org.springframework.beans.factory.support.AbstractBeanFactory.getMergedLocalBeanDefinition(AbstractBeanFactory.java:1288) ~[spring-beans-5.2.11.RELEASE.jar:5.2.11.RELEASE]
	at org.springframework.beans.factory.support.AbstractBeanFactory.doGetBean(AbstractBeanFactory.java:298) ~[spring-beans-5.2.11.RELEASE.jar:5.2.11.RELEASE]
	at org.springframework.beans.factory.support.AbstractBeanFactory.getBean(AbstractBeanFactory.java:207) ~[spring-beans-5.2.11.RELEASE.jar:5.2.11.RELEASE]
	at org.springframework.context.support.AbstractApplicationContext.getBean(AbstractApplicationContext.java:1115) ~[spring-context-5.2.11.RELEASE.jar:5.2.11.RELEASE]
	at org.springframework.cloud.contract.verifier.messaging.stream.StreamMessageCollectorMessageReceiver.receive(StreamMessageCollectorMessageReceiver.java:51) ~[spring-cloud-contract-verifier-2.2.5.RELEASE.jar:2.2.5.RELEASE]
	at org.springframework.cloud.contract.verifier.messaging.stream.StreamMessageCollectorMessageReceiver.receive(StreamMessageCollectorMessageReceiver.java:72) ~[spring-cloud-contract-verifier-2.2.5.RELEASE.jar:2.2.5.RELEASE]
	at org.springframework.cloud.contract.verifier.messaging.stream.StreamMessageCollectorMessageReceiver.receive(StreamMessageCollectorMessageReceiver.java:30) ~[spring-cloud-contract-verifier-2.2.5.RELEASE.jar:2.2.5.RELEASE]
	at org.springframework.cloud.contract.verifier.messaging.stream.StreamStubMessages.receive(StreamStubMessages.java:59) ~[spring-cloud-contract-verifier-2.2.5.RELEASE.jar:2.2.5.RELEASE]
	at org.springframework.cloud.contract.verifier.messaging.stream.StreamStubMessages.receive(StreamStubMessages.java:30) ~[spring-cloud-contract-verifier-2.2.5.RELEASE.jar:2.2.5.RELEASE]
	at org.springframework.cloud.contract.verifier.messaging.internal.ContractVerifierMessaging.receive(ContractVerifierMessaging.java:44) ~[spring-cloud-contract-verifier-2.2.5.RELEASE.jar:2.2.5.RELEASE]
	at com.rodmccutcheon.ingestion.ContractVerifierTest.validate_shouldParseInputPacketAndSendDaliStatusMessage(ContractVerifierTest.java:36) ~[test-classes/:na]
	at java.base/jdk.internal.reflect.NativeMethodAccessorImpl.invoke0(Native Method) ~[na:na]
	at java.base/jdk.internal.reflect.NativeMethodAccessorImpl.invoke(NativeMethodAccessorImpl.java:62) ~[na:na]
	at java.base/jdk.internal.reflect.DelegatingMethodAccessorImpl.invoke(DelegatingMethodAccessorImpl.java:43) ~[na:na]
	at java.base/java.lang.reflect.Method.invoke(Method.java:566) ~[na:na]
	at org.junit.platform.commons.util.ReflectionUtils.invokeMethod(ReflectionUtils.java:686) ~[junit-platform-commons-1.6.3.jar:1.6.3]
	at org.junit.jupiter.engine.execution.MethodInvocation.proceed(MethodInvocation.java:60) ~[junit-jupiter-engine-5.6.3.jar:5.6.3]
	at org.junit.jupiter.engine.execution.InvocationInterceptorChain$ValidatingInvocation.proceed(InvocationInterceptorChain.java:131) ~[junit-jupiter-engine-5.6.3.jar:5.6.3]
	at org.junit.jupiter.engine.extension.TimeoutExtension.intercept(TimeoutExtension.java:149) ~[junit-jupiter-engine-5.6.3.jar:5.6.3]
	at org.junit.jupiter.engine.extension.TimeoutExtension.interceptTestableMethod(TimeoutExtension.java:140) ~[junit-jupiter-engine-5.6.3.jar:5.6.3]
	at org.junit.jupiter.engine.extension.TimeoutExtension.interceptTestMethod(TimeoutExtension.java:84) ~[junit-jupiter-engine-5.6.3.jar:5.6.3]
	at org.junit.jupiter.engine.descriptor.TestMethodTestDescriptor$$Lambda$189/000000000000000000.apply(Unknown Source) ~[na:na]
	at org.junit.jupiter.engine.execution.ExecutableInvoker$ReflectiveInterceptorCall.lambda$ofVoidMethod$0(ExecutableInvoker.java:115) ~[junit-jupiter-engine-5.6.3.jar:5.6.3]
	at org.junit.jupiter.engine.execution.ExecutableInvoker$ReflectiveInterceptorCall$$Lambda$190/000000000000000000.apply(Unknown Source) ~[na:na]
	at org.junit.jupiter.engine.execution.ExecutableInvoker.lambda$invoke$0(ExecutableInvoker.java:105) ~[junit-jupiter-engine-5.6.3.jar:5.6.3]
	at org.junit.jupiter.engine.execution.ExecutableInvoker$$Lambda$316/000000000000000000.apply(Unknown Source) ~[na:na]
	at org.junit.jupiter.engine.execution.InvocationInterceptorChain$InterceptedInvocation.proceed(InvocationInterceptorChain.java:106) ~[junit-jupiter-engine-5.6.3.jar:5.6.3]
	at org.junit.jupiter.engine.execution.InvocationInterceptorChain.proceed(InvocationInterceptorChain.java:64) ~[junit-jupiter-engine-5.6.3.jar:5.6.3]
	at org.junit.jupiter.engine.execution.InvocationInterceptorChain.chainAndInvoke(InvocationInterceptorChain.java:45) ~[junit-jupiter-engine-5.6.3.jar:5.6.3]
	at org.junit.jupiter.engine.execution.InvocationInterceptorChain.invoke(InvocationInterceptorChain.java:37) ~[junit-jupiter-engine-5.6.3.jar:5.6.3]
	at org.junit.jupiter.engine.execution.ExecutableInvoker.invoke(ExecutableInvoker.java:104) ~[junit-jupiter-engine-5.6.3.jar:5.6.3]
	at org.junit.jupiter.engine.execution.ExecutableInvoker.invoke(ExecutableInvoker.java:98) ~[junit-jupiter-engine-5.6.3.jar:5.6.3]
	at org.junit.jupiter.engine.descriptor.TestMethodTestDescriptor.lambda$invokeTestMethod$6(TestMethodTestDescriptor.java:212) ~[junit-jupiter-engine-5.6.3.jar:5.6.3]
	at org.junit.jupiter.engine.descriptor.TestMethodTestDescriptor$$Lambda$1904/000000000000000000.execute(Unknown Source) ~[na:na]
	at org.junit.platform.engine.support.hierarchical.ThrowableCollector.execute(ThrowableCollector.java:73) ~[junit-platform-engine-1.6.3.jar:1.6.3]
	at org.junit.jupiter.engine.descriptor.TestMethodTestDescriptor.invokeTestMethod(TestMethodTestDescriptor.java:208) ~[junit-jupiter-engine-5.6.3.jar:5.6.3]
	at org.junit.jupiter.engine.descriptor.TestMethodTestDescriptor.execute(TestMethodTestDescriptor.java:137) ~[junit-jupiter-engine-5.6.3.jar:5.6.3]
	at org.junit.jupiter.engine.descriptor.TestMethodTestDescriptor.execute(TestMethodTestDescriptor.java:71) ~[junit-jupiter-engine-5.6.3.jar:5.6.3]
	at org.junit.platform.engine.support.hierarchical.NodeTestTask.lambda$executeRecursively$5(NodeTestTask.java:135) ~[junit-platform-engine-1.6.3.jar:1.6.3]
	at org.junit.platform.engine.support.hierarchical.NodeTestTask$$Lambda$271/000000000000000000.execute(Unknown Source) ~[na:na]
	at org.junit.platform.engine.support.hierarchical.ThrowableCollector.execute(ThrowableCollector.java:73) ~[junit-platform-engine-1.6.3.jar:1.6.3]
	at org.junit.platform.engine.support.hierarchical.NodeTestTask.lambda$executeRecursively$7(NodeTestTask.java:125) ~[junit-platform-engine-1.6.3.jar:1.6.3]
	at org.junit.platform.engine.support.hierarchical.NodeTestTask$$Lambda$270/000000000000000000.invoke(Unknown Source) ~[na:na]
	at org.junit.platform.engine.support.hierarchical.Node.around(Node.java:135) ~[junit-platform-engine-1.6.3.jar:1.6.3]
	at org.junit.platform.engine.support.hierarchical.NodeTestTask.lambda$executeRecursively$8(NodeTestTask.java:123) ~[junit-platform-engine-1.6.3.jar:1.6.3]
	at org.junit.platform.engine.support.hierarchical.NodeTestTask$$Lambda$269/000000000000000000.execute(Unknown Source) ~[na:na]
	at org.junit.platform.engine.support.hierarchical.ThrowableCollector.execute(ThrowableCollector.java:73) ~[junit-platform-engine-1.6.3.jar:1.6.3]
	at org.junit.platform.engine.support.hierarchical.NodeTestTask.executeRecursively(NodeTestTask.java:122) ~[junit-platform-engine-1.6.3.jar:1.6.3]
	at org.junit.platform.engine.support.hierarchical.NodeTestTask.execute(NodeTestTask.java:80) ~[junit-platform-engine-1.6.3.jar:1.6.3]
	at org.junit.platform.engine.support.hierarchical.SameThreadHierarchicalTestExecutorService$$Lambda$275/000000000000000000.accept(Unknown Source) ~[na:na]
	at java.base/java.util.ArrayList.forEach(ArrayList.java:1541) ~[na:na]
	at org.junit.platform.engine.support.hierarchical.SameThreadHierarchicalTestExecutorService.invokeAll(SameThreadHierarchicalTestExecutorService.java:38) ~[junit-platform-engine-1.6.3.jar:1.6.3]
	at org.junit.platform.engine.support.hierarchical.NodeTestTask.lambda$executeRecursively$5(NodeTestTask.java:139) ~[junit-platform-engine-1.6.3.jar:1.6.3]
	at org.junit.platform.engine.support.hierarchical.NodeTestTask$$Lambda$271/000000000000000000.execute(Unknown Source) ~[na:na]
	at org.junit.platform.engine.support.hierarchical.ThrowableCollector.execute(ThrowableCollector.java:73) ~[junit-platform-engine-1.6.3.jar:1.6.3]
	at org.junit.platform.engine.support.hierarchical.NodeTestTask.lambda$executeRecursively$7(NodeTestTask.java:125) ~[junit-platform-engine-1.6.3.jar:1.6.3]
	at org.junit.platform.engine.support.hierarchical.NodeTestTask$$Lambda$270/000000000000000000.invoke(Unknown Source) ~[na:na]
	at org.junit.platform.engine.support.hierarchical.Node.around(Node.java:135) ~[junit-platform-engine-1.6.3.jar:1.6.3]
	at org.junit.platform.engine.support.hierarchical.NodeTestTask.lambda$executeRecursively$8(NodeTestTask.java:123) ~[junit-platform-engine-1.6.3.jar:1.6.3]
	at org.junit.platform.engine.support.hierarchical.NodeTestTask$$Lambda$269/000000000000000000.execute(Unknown Source) ~[na:na]
	at org.junit.platform.engine.support.hierarchical.ThrowableCollector.execute(ThrowableCollector.java:73) ~[junit-platform-engine-1.6.3.jar:1.6.3]
	at org.junit.platform.engine.support.hierarchical.NodeTestTask.executeRecursively(NodeTestTask.java:122) ~[junit-platform-engine-1.6.3.jar:1.6.3]
	at org.junit.platform.engine.support.hierarchical.NodeTestTask.execute(NodeTestTask.java:80) ~[junit-platform-engine-1.6.3.jar:1.6.3]
	at org.junit.platform.engine.support.hierarchical.SameThreadHierarchicalTestExecutorService$$Lambda$275/000000000000000000.accept(Unknown Source) ~[na:na]
	at java.base/java.util.ArrayList.forEach(ArrayList.java:1541) ~[na:na]
	at org.junit.platform.engine.support.hierarchical.SameThreadHierarchicalTestExecutorService.invokeAll(SameThreadHierarchicalTestExecutorService.java:38) ~[junit-platform-engine-1.6.3.jar:1.6.3]
	at org.junit.platform.engine.support.hierarchical.NodeTestTask.lambda$executeRecursively$5(NodeTestTask.java:139) ~[junit-platform-engine-1.6.3.jar:1.6.3]
	at org.junit.platform.engine.support.hierarchical.NodeTestTask$$Lambda$271/000000000000000000.execute(Unknown Source) ~[na:na]
	at org.junit.platform.engine.support.hierarchical.ThrowableCollector.execute(ThrowableCollector.java:73) ~[junit-platform-engine-1.6.3.jar:1.6.3]
	at org.junit.platform.engine.support.hierarchical.NodeTestTask.lambda$executeRecursively$7(NodeTestTask.java:125) ~[junit-platform-engine-1.6.3.jar:1.6.3]
	at org.junit.platform.engine.support.hierarchical.NodeTestTask$$Lambda$270/000000000000000000.invoke(Unknown Source) ~[na:na]
	at org.junit.platform.engine.support.hierarchical.Node.around(Node.java:135) ~[junit-platform-engine-1.6.3.jar:1.6.3]
	at org.junit.platform.engine.support.hierarchical.NodeTestTask.lambda$executeRecursively$8(NodeTestTask.java:123) ~[junit-platform-engine-1.6.3.jar:1.6.3]
	at org.junit.platform.engine.support.hierarchical.NodeTestTask$$Lambda$269/000000000000000000.execute(Unknown Source) ~[na:na]
	at org.junit.platform.engine.support.hierarchical.ThrowableCollector.execute(ThrowableCollector.java:73) ~[junit-platform-engine-1.6.3.jar:1.6.3]
	at org.junit.platform.engine.support.hierarchical.NodeTestTask.executeRecursively(NodeTestTask.java:122) ~[junit-platform-engine-1.6.3.jar:1.6.3]
	at org.junit.platform.engine.support.hierarchical.NodeTestTask.execute(NodeTestTask.java:80) ~[junit-platform-engine-1.6.3.jar:1.6.3]
	at org.junit.platform.engine.support.hierarchical.SameThreadHierarchicalTestExecutorService.submit(SameThreadHierarchicalTestExecutorService.java:32) ~[junit-platform-engine-1.6.3.jar:1.6.3]
	at org.junit.platform.engine.support.hierarchical.HierarchicalTestExecutor.execute(HierarchicalTestExecutor.java:57) ~[junit-platform-engine-1.6.3.jar:1.6.3]
	at org.junit.platform.engine.support.hierarchical.HierarchicalTestEngine.execute(HierarchicalTestEngine.java:51) ~[junit-platform-engine-1.6.3.jar:1.6.3]
	at org.junit.platform.launcher.core.DefaultLauncher.execute(DefaultLauncher.java:220) ~[junit-platform-launcher-1.3.1.jar:1.3.1]
	at org.junit.platform.launcher.core.DefaultLauncher.lambda$execute$6(DefaultLauncher.java:188) ~[junit-platform-launcher-1.3.1.jar:1.3.1]
	at org.junit.platform.launcher.core.DefaultLauncher$$Lambda$193/000000000000000000.accept(Unknown Source) ~[na:na]
	at org.junit.platform.launcher.core.DefaultLauncher.withInterceptedStreams(DefaultLauncher.java:202) ~[junit-platform-launcher-1.3.1.jar:1.3.1]
	at org.junit.platform.launcher.core.DefaultLauncher.execute(DefaultLauncher.java:181) ~[junit-platform-launcher-1.3.1.jar:1.3.1]
	at org.junit.platform.launcher.core.DefaultLauncher.execute(DefaultLauncher.java:128) ~[junit-platform-launcher-1.3.1.jar:1.3.1]
	at org.apache.maven.surefire.junitplatform.JUnitPlatformProvider.invokeAllTests(JUnitPlatformProvider.java:150) ~[surefire-junit-platform-3.0.0-M3.jar:3.0.0-M3]
	at org.apache.maven.surefire.junitplatform.JUnitPlatformProvider.invoke(JUnitPlatformProvider.java:124) ~[surefire-junit-platform-3.0.0-M3.jar:3.0.0-M3]
	at org.apache.maven.surefire.booter.ForkedBooter.invokeProviderInSameClassLoader(ForkedBooter.java:384) ~[surefire-booter-3.0.0-M3.jar:3.0.0-M3]
	at org.apache.maven.surefire.booter.ForkedBooter.runSuitesInProcess(ForkedBooter.java:345) ~[surefire-booter-3.0.0-M3.jar:3.0.0-M3]
	at org.apache.maven.surefire.booter.ForkedBooter.execute(ForkedBooter.java:126) ~[surefire-booter-3.0.0-M3.jar:3.0.0-M3]
	at org.apache.maven.surefire.booter.ForkedBooter.main(ForkedBooter.java:418) ~[surefire-booter-3.0.0-M3.jar:3.0.0-M3]

]]></system-out>
  </testcase>
</testsuite>