<?xml version="1.0" encoding="UTF-8"?>
<testsuite xmlns:xsi="http://www.w3.org/2001/XMLSchema-instance" xsi:noNamespaceSchemaLocation="https://maven.apache.org/surefire/maven-surefire-plugin/xsd/surefire-test-report-3.0.xsd" version="3.0" name="com.rodmccutcheon.clock.ClockApplicationTests" time="2.953" tests="1" errors="0" skipped="0" failures="0">
  <properties>
    <property name="awt.toolkit" value="sun.lwawt.macosx.LWCToolkit"/>
    <property name="jdk.extensions.version" value="11.0.9.0"/>
    <property name="java.specification.version" value="11"/>
    <property name="file.encoding.pkg" value="sun.io"/>
    <property name="sun.jnu.encoding" value="UTF-8"/>
    <property name="java.class.path" value="/Users/rod/Work/Repos/spring-cloud-contract-demo/clock/target/test-classes:/Users/rod/Work/Repos/spring-cloud-contract-demo/clock/target/classes:/Users/rod/.m2/repository/org/springframework/cloud/spring-cloud-stream/3.0.9.RELEASE/spring-cloud-stream-3.0.9.RELEASE.jar:/Users/rod/.m2/repository/org/springframework/boot/spring-boot-starter-validation/2.3.6.RELEASE/spring-boot-starter-validation-2.3.6.RELEASE.jar:/Users/rod/.m2/repository/org/glassfish/jakarta.el/3.0.3/jakarta.el-3.0.3.jar:/Users/rod/.m2/repository/org/hibernate/validator/hibernate-validator/6.1.6.Final/hibernate-validator-6.1.6.Final.jar:/Users/rod/.m2/repository/jakarta/validation/jakarta.validation-api/2.0.2/jakarta.validation-api-2.0.2.jar:/Users/rod/.m2/repository/org/jboss/logging/jboss-logging/3.4.1.Final/jboss-logging-3.4.1.Final.jar:/Users/rod/.m2/repository/com/fasterxml/classmate/1.5.1/classmate-1.5.1.jar:/Users/rod/.m2/repository/org/springframework/spring-messaging/5.2.11.RELEASE/spring-messaging-5.2.11.RELEASE.jar:/Users/rod/.m2/repository/org/springframework/spring-beans/5.2.11.RELEASE/spring-beans-5.2.11.RELEASE.jar:/Users/rod/.m2/repository/org/springframework/integration/spring-integration-core/5.3.4.RELEASE/spring-integration-core-5.3.4.RELEASE.jar:/Users/rod/.m2/repository/org/springframework/spring-aop/5.2.11.RELEASE/spring-aop-5.2.11.RELEASE.jar:/Users/rod/.m2/repository/org/springframework/spring-context/5.2.11.RELEASE/spring-context-5.2.11.RELEASE.jar:/Users/rod/.m2/repository/org/springframework/spring-expression/5.2.11.RELEASE/spring-expression-5.2.11.RELEASE.jar:/Users/rod/.m2/repository/org/springframework/spring-tx/5.2.11.RELEASE/spring-tx-5.2.11.RELEASE.jar:/Users/rod/.m2/repository/org/springframework/integration/spring-integration-jmx/5.3.4.RELEASE/spring-integration-jmx-5.3.4.RELEASE.jar:/Users/rod/.m2/repository/org/springframework/retry/spring-retry/1.2.5.RELEASE/spring-retry-1.2.5.RELEASE.jar:/Users/rod/.m2/repository/org/springframework/cloud/spring-cloud-function-context/3.0.11.RELEASE/spring-cloud-function-context-3.0.11.RELEASE.jar:/Users/rod/.m2/repository/net/jodah/typetools/0.6.2/typetools-0.6.2.jar:/Users/rod/.m2/repository/org/springframework/cloud/spring-cloud-function-core/3.0.11.RELEASE/spring-cloud-function-core-3.0.11.RELEASE.jar:/Users/rod/.m2/repository/javax/annotation/javax.annotation-api/1.3.2/javax.annotation-api-1.3.2.jar:/Users/rod/.m2/repository/org/springframework/cloud/spring-cloud-stream-binder-kafka/3.0.9.RELEASE/spring-cloud-stream-binder-kafka-3.0.9.RELEASE.jar:/Users/rod/.m2/repository/org/springframework/cloud/spring-cloud-stream-binder-kafka-core/3.0.9.RELEASE/spring-cloud-stream-binder-kafka-core-3.0.9.RELEASE.jar:/Users/rod/.m2/repository/org/springframework/integration/spring-integration-kafka/3.3.1.RELEASE/spring-integration-kafka-3.3.1.RELEASE.jar:/Users/rod/.m2/repository/org/apache/kafka/kafka-clients/2.5.1/kafka-clients-2.5.1.jar:/Users/rod/.m2/repository/com/github/luben/zstd-jni/1.4.4-7/zstd-jni-1.4.4-7.jar:/Users/rod/.m2/repository/org/lz4/lz4-java/1.7.1/lz4-java-1.7.1.jar:/Users/rod/.m2/repository/org/xerial/snappy/snappy-java/1.1.7.3/snappy-java-1.1.7.3.jar:/Users/rod/.m2/repository/org/slf4j/slf4j-api/1.7.30/slf4j-api-1.7.30.jar:/Users/rod/.m2/repository/org/springframework/kafka/spring-kafka/2.5.8.RELEASE/spring-kafka-2.5.8.RELEASE.jar:/Users/rod/.m2/repository/org/springframework/cloud/spring-cloud-starter-openfeign/2.2.6.RELEASE/spring-cloud-starter-openfeign-2.2.6.RELEASE.jar:/Users/rod/.m2/repository/org/springframework/cloud/spring-cloud-starter/2.2.6.RELEASE/spring-cloud-starter-2.2.6.RELEASE.jar:/Users/rod/.m2/repository/org/springframework/cloud/spring-cloud-context/2.2.6.RELEASE/spring-cloud-context-2.2.6.RELEASE.jar:/Users/rod/.m2/repository/org/springframework/security/spring-security-rsa/1.0.9.RELEASE/spring-security-rsa-1.0.9.RELEASE.jar:/Users/rod/.m2/repository/org/bouncycastle/bcpkix-jdk15on/1.64/bcpkix-jdk15on-1.64.jar:/Users/rod/.m2/repository/org/bouncycastle/bcprov-jdk15on/1.64/bcprov-jdk15on-1.64.jar:/Users/rod/.m2/repository/org/springframework/cloud/spring-cloud-openfeign-core/2.2.6.RELEASE/spring-cloud-openfeign-core-2.2.6.RELEASE.jar:/Users/rod/.m2/repository/org/springframework/boot/spring-boot-starter-aop/2.3.6.RELEASE/spring-boot-starter-aop-2.3.6.RELEASE.jar:/Users/rod/.m2/repository/org/aspectj/aspectjweaver/1.9.6/aspectjweaver-1.9.6.jar:/Users/rod/.m2/repository/io/github/openfeign/form/feign-form-spring/3.8.0/feign-form-spring-3.8.0.jar:/Users/rod/.m2/repository/io/github/openfeign/form/feign-form/3.8.0/feign-form-3.8.0.jar:/Users/rod/.m2/repository/commons-fileupload/commons-fileupload/1.4/commons-fileupload-1.4.jar:/Users/rod/.m2/repository/commons-io/commons-io/2.2/commons-io-2.2.jar:/Users/rod/.m2/repository/org/springframework/spring-web/5.2.11.RELEASE/spring-web-5.2.11.RELEASE.jar:/Users/rod/.m2/repository/org/springframework/cloud/spring-cloud-commons/2.2.6.RELEASE/spring-cloud-commons-2.2.6.RELEASE.jar:/Users/rod/.m2/repository/org/springframework/security/spring-security-crypto/5.3.5.RELEASE/spring-security-crypto-5.3.5.RELEASE.jar:/Users/rod/.m2/repository/io/github/openfeign/feign-core/10.10.1/feign-core-10.10.1.jar:/Users/rod/.m2/repository/io/github/openfeign/feign-slf4j/10.10.1/feign-slf4j-10.10.1.jar:/Users/rod/.m2/repository/io/github/openfeign/feign-hystrix/10.10.1/feign-hystrix-10.10.1.jar:/Users/rod/.m2/repository/com/netflix/archaius/archaius-core/0.7.6/archaius-core-0.7.6.jar:/Users/rod/.m2/repository/com/google/code/findbugs/jsr305/3.0.1/jsr305-3.0.1.jar:/Users/rod/.m2/repository/com/netflix/hystrix/hystrix-core/1.5.18/hystrix-core-1.5.18.jar:/Users/rod/.m2/repository/org/hdrhistogram/HdrHistogram/2.1.9/HdrHistogram-2.1.9.jar:/Users/rod/.m2/repository/org/springframework/cloud/spring-cloud-starter-netflix-ribbon/2.2.6.RELEASE/spring-cloud-starter-netflix-ribbon-2.2.6.RELEASE.jar:/Users/rod/.m2/repository/org/springframework/cloud/spring-cloud-netflix-ribbon/2.2.6.RELEASE/spring-cloud-netflix-ribbon-2.2.6.RELEASE.jar:/Users/rod/.m2/repository/org/springframework/cloud/spring-cloud-netflix-archaius/2.2.6.RELEASE/spring-cloud-netflix-archaius-2.2.6.RELEASE.jar:/Users/rod/.m2/repository/org/springframework/cloud/spring-cloud-starter-netflix-archaius/2.2.6.RELEASE/spring-cloud-starter-netflix-archaius-2.2.6.RELEASE.jar:/Users/rod/.m2/repository/commons-configuration/commons-configuration/1.8/commons-configuration-1.8.jar:/Users/rod/.m2/repository/com/netflix/ribbon/ribbon/2.3.0/ribbon-2.3.0.jar:/Users/rod/.m2/repository/com/netflix/ribbon/ribbon-transport/2.3.0/ribbon-transport-2.3.0.jar:/Users/rod/.m2/repository/io/reactivex/rxnetty-contexts/0.4.9/rxnetty-contexts-0.4.9.jar:/Users/rod/.m2/repository/io/reactivex/rxnetty-servo/0.4.9/rxnetty-servo-0.4.9.jar:/Users/rod/.m2/repository/javax/inject/javax.inject/1/javax.inject-1.jar:/Users/rod/.m2/repository/io/reactivex/rxnetty/0.4.9/rxnetty-0.4.9.jar:/Users/rod/.m2/repository/com/google/guava/guava/29.0-jre/guava-29.0-jre.jar:/Users/rod/.m2/repository/com/google/guava/failureaccess/1.0.1/failureaccess-1.0.1.jar:/Users/rod/.m2/repository/com/google/guava/listenablefuture/9999.0-empty-to-avoid-conflict-with-guava/listenablefuture-9999.0-empty-to-avoid-conflict-with-guava.jar:/Users/rod/.m2/repository/org/checkerframework/checker-qual/2.11.1/checker-qual-2.11.1.jar:/Users/rod/.m2/repository/com/google/errorprone/error_prone_annotations/2.3.4/error_prone_annotations-2.3.4.jar:/Users/rod/.m2/repository/com/google/j2objc/j2objc-annotations/1.3/j2objc-annotations-1.3.jar:/Users/rod/.m2/repository/com/netflix/ribbon/ribbon-core/2.3.0/ribbon-core-2.3.0.jar:/Users/rod/.m2/repository/commons-lang/commons-lang/2.6/commons-lang-2.6.jar:/Users/rod/.m2/repository/com/netflix/ribbon/ribbon-httpclient/2.3.0/ribbon-httpclient-2.3.0.jar:/Users/rod/.m2/repository/commons-collections/commons-collections/3.2.2/commons-collections-3.2.2.jar:/Users/rod/.m2/repository/org/apache/httpcomponents/httpclient/4.5.13/httpclient-4.5.13.jar:/Users/rod/.m2/repository/org/apache/httpcomponents/httpcore/4.4.13/httpcore-4.4.13.jar:/Users/rod/.m2/repository/commons-codec/commons-codec/1.14/commons-codec-1.14.jar:/Users/rod/.m2/repository/com/sun/jersey/jersey-client/1.19.1/jersey-client-1.19.1.jar:/Users/rod/.m2/repository/com/sun/jersey/jersey-core/1.19.1/jersey-core-1.19.1.jar:/Users/rod/.m2/repository/javax/ws/rs/jsr311-api/1.1.1/jsr311-api-1.1.1.jar:/Users/rod/.m2/repository/com/sun/jersey/contribs/jersey-apache-client4/1.19.1/jersey-apache-client4-1.19.1.jar:/Users/rod/.m2/repository/com/netflix/servo/servo-core/0.12.21/servo-core-0.12.21.jar:/Users/rod/.m2/repository/com/netflix/netflix-commons/netflix-commons-util/0.3.0/netflix-commons-util-0.3.0.jar:/Users/rod/.m2/repository/com/netflix/ribbon/ribbon-loadbalancer/2.3.0/ribbon-loadbalancer-2.3.0.jar:/Users/rod/.m2/repository/com/netflix/netflix-commons/netflix-statistics/0.1.1/netflix-statistics-0.1.1.jar:/Users/rod/.m2/repository/io/reactivex/rxjava/1.3.8/rxjava-1.3.8.jar:/Users/rod/.m2/repository/org/springframework/boot/spring-boot-devtools/2.3.6.RELEASE/spring-boot-devtools-2.3.6.RELEASE.jar:/Users/rod/.m2/repository/org/springframework/boot/spring-boot/2.3.6.RELEASE/spring-boot-2.3.6.RELEASE.jar:/Users/rod/.m2/repository/org/springframework/boot/spring-boot-autoconfigure/2.3.6.RELEASE/spring-boot-autoconfigure-2.3.6.RELEASE.jar:/Users/rod/.m2/repository/org/projectlombok/lombok/1.18.16/lombok-1.18.16.jar:/Users/rod/.m2/repository/org/springframework/boot/spring-boot-starter-test/2.3.6.RELEASE/spring-boot-starter-test-2.3.6.RELEASE.jar:/Users/rod/.m2/repository/org/springframework/boot/spring-boot-starter/2.3.6.RELEASE/spring-boot-starter-2.3.6.RELEASE.jar:/Users/rod/.m2/repository/org/springframework/boot/spring-boot-starter-logging/2.3.6.RELEASE/spring-boot-starter-logging-2.3.6.RELEASE.jar:/Users/rod/.m2/repository/ch/qos/logback/logback-classic/1.2.3/logback-classic-1.2.3.jar:/Users/rod/.m2/repository/ch/qos/logback/logback-core/1.2.3/logback-core-1.2.3.jar:/Users/rod/.m2/repository/org/apache/logging/log4j/log4j-to-slf4j/2.13.3/log4j-to-slf4j-2.13.3.jar:/Users/rod/.m2/repository/org/apache/logging/log4j/log4j-api/2.13.3/log4j-api-2.13.3.jar:/Users/rod/.m2/repository/org/slf4j/jul-to-slf4j/1.7.30/jul-to-slf4j-1.7.30.jar:/Users/rod/.m2/repository/jakarta/annotation/jakarta.annotation-api/1.3.5/jakarta.annotation-api-1.3.5.jar:/Users/rod/.m2/repository/org/yaml/snakeyaml/1.26/snakeyaml-1.26.jar:/Users/rod/.m2/repository/org/springframework/boot/spring-boot-test/2.3.6.RELEASE/spring-boot-test-2.3.6.RELEASE.jar:/Users/rod/.m2/repository/org/springframework/boot/spring-boot-test-autoconfigure/2.3.6.RELEASE/spring-boot-test-autoconfigure-2.3.6.RELEASE.jar:/Users/rod/.m2/repository/com/jayway/jsonpath/json-path/2.4.0/json-path-2.4.0.jar:/Users/rod/.m2/repository/net/minidev/json-smart/2.3/json-smart-2.3.jar:/Users/rod/.m2/repository/net/minidev/accessors-smart/1.2/accessors-smart-1.2.jar:/Users/rod/.m2/repository/jakarta/xml/bind/jakarta.xml.bind-api/2.3.3/jakarta.xml.bind-api-2.3.3.jar:/Users/rod/.m2/repository/jakarta/activation/jakarta.activation-api/1.2.2/jakarta.activation-api-1.2.2.jar:/Users/rod/.m2/repository/org/assertj/assertj-core/3.16.1/assertj-core-3.16.1.jar:/Users/rod/.m2/repository/org/hamcrest/hamcrest/2.2/hamcrest-2.2.jar:/Users/rod/.m2/repository/org/junit/jupiter/junit-jupiter/5.6.3/junit-jupiter-5.6.3.jar:/Users/rod/.m2/repository/org/junit/jupiter/junit-jupiter-api/5.6.3/junit-jupiter-api-5.6.3.jar:/Users/rod/.m2/repository/org/apiguardian/apiguardian-api/1.1.0/apiguardian-api-1.1.0.jar:/Users/rod/.m2/repository/org/opentest4j/opentest4j/1.2.0/opentest4j-1.2.0.jar:/Users/rod/.m2/repository/org/junit/platform/junit-platform-commons/1.6.3/junit-platform-commons-1.6.3.jar:/Users/rod/.m2/repository/org/junit/jupiter/junit-jupiter-params/5.6.3/junit-jupiter-params-5.6.3.jar:/Users/rod/.m2/repository/org/junit/jupiter/junit-jupiter-engine/5.6.3/junit-jupiter-engine-5.6.3.jar:/Users/rod/.m2/repository/org/junit/platform/junit-platform-engine/1.6.3/junit-platform-engine-1.6.3.jar:/Users/rod/.m2/repository/org/mockito/mockito-core/3.3.3/mockito-core-3.3.3.jar:/Users/rod/.m2/repository/net/bytebuddy/byte-buddy/1.10.18/byte-buddy-1.10.18.jar:/Users/rod/.m2/repository/net/bytebuddy/byte-buddy-agent/1.10.18/byte-buddy-agent-1.10.18.jar:/Users/rod/.m2/repository/org/objenesis/objenesis/2.6/objenesis-2.6.jar:/Users/rod/.m2/repository/org/mockito/mockito-junit-jupiter/3.3.3/mockito-junit-jupiter-3.3.3.jar:/Users/rod/.m2/repository/org/skyscreamer/jsonassert/1.5.0/jsonassert-1.5.0.jar:/Users/rod/.m2/repository/com/vaadin/external/google/android-json/0.0.20131108.vaadin1/android-json-0.0.20131108.vaadin1.jar:/Users/rod/.m2/repository/org/springframework/spring-core/5.2.11.RELEASE/spring-core-5.2.11.RELEASE.jar:/Users/rod/.m2/repository/org/springframework/spring-jcl/5.2.11.RELEASE/spring-jcl-5.2.11.RELEASE.jar:/Users/rod/.m2/repository/org/springframework/spring-test/5.2.11.RELEASE/spring-test-5.2.11.RELEASE.jar:/Users/rod/.m2/repository/org/xmlunit/xmlunit-core/2.7.0/xmlunit-core-2.7.0.jar:/Users/rod/.m2/repository/org/springframework/cloud/spring-cloud-stream-test-support/3.0.9.RELEASE/spring-cloud-stream-test-support-3.0.9.RELEASE.jar:/Users/rod/.m2/repository/com/fasterxml/jackson/core/jackson-databind/2.11.3/jackson-databind-2.11.3.jar:/Users/rod/.m2/repository/com/fasterxml/jackson/core/jackson-annotations/2.11.3/jackson-annotations-2.11.3.jar:/Users/rod/.m2/repository/com/fasterxml/jackson/core/jackson-core/2.11.3/jackson-core-2.11.3.jar:/Users/rod/.m2/repository/org/springframework/cloud/spring-cloud-stream/3.0.9.RELEASE/spring-cloud-stream-3.0.9.RELEASE-test-binder.jar:/Users/rod/.m2/repository/org/springframework/cloud/spring-cloud-starter-contract-verifier/2.2.5.RELEASE/spring-cloud-starter-contract-verifier-2.2.5.RELEASE.jar:/Users/rod/.m2/repository/org/springframework/cloud/spring-cloud-contract-verifier/2.2.5.RELEASE/spring-cloud-contract-verifier-2.2.5.RELEASE.jar:/Users/rod/.m2/repository/org/springframework/cloud/spring-cloud-contract-spec/2.2.5.RELEASE/spring-cloud-contract-spec-2.2.5.RELEASE.jar:/Users/rod/.m2/repository/org/springframework/cloud/spring-cloud-contract-spec-java/2.2.5.RELEASE/spring-cloud-contract-spec-java-2.2.5.RELEASE.jar:/Users/rod/.m2/repository/dk/brics/automaton/automaton/1.11-8/automaton-1.11-8.jar:/Users/rod/.m2/repository/org/apache/commons/commons-text/1.7/commons-text-1.7.jar:/Users/rod/.m2/repository/org/springframework/cloud/spring-cloud-contract-spec-groovy/2.2.5.RELEASE/spring-cloud-contract-spec-groovy-2.2.5.RELEASE.jar:/Users/rod/.m2/repository/org/springframework/cloud/spring-cloud-contract-shade/2.2.5.RELEASE/spring-cloud-contract-shade-2.2.5.RELEASE.jar:/Users/rod/.m2/repository/com/github/tomakehurst/wiremock-jre8-standalone/2.26.2/wiremock-jre8-standalone-2.26.2.jar:/Users/rod/.m2/repository/org/apache/maven/resolver/maven-resolver-api/1.3.3/maven-resolver-api-1.3.3.jar:/Users/rod/.m2/repository/com/rackspace/eclipse/webtools/sourceediting/org.eclipse.wst.xml.xpath2.processor/2.1.100/org.eclipse.wst.xml.xpath2.processor-2.1.100.jar:/Users/rod/.m2/repository/edu/princeton/cup/java-cup/10k/java-cup-10k.jar:/Users/rod/.m2/repository/com/ibm/icu/icu4j/4.6/icu4j-4.6.jar:/Users/rod/.m2/repository/org/codehaus/groovy/groovy/2.5.13/groovy-2.5.13.jar:/Users/rod/.m2/repository/org/codehaus/groovy/groovy-nio/2.5.13/groovy-nio-2.5.13.jar:/Users/rod/.m2/repository/org/codehaus/groovy/groovy-json/2.5.13/groovy-json-2.5.13.jar:/Users/rod/.m2/repository/org/codehaus/groovy/groovy-xml/2.5.13/groovy-xml-2.5.13.jar:/Users/rod/.m2/repository/com/github/jknack/handlebars/4.1.2/handlebars-4.1.2.jar:/Users/rod/.m2/repository/commons-beanutils/commons-beanutils/1.9.4/commons-beanutils-1.9.4.jar:/Users/rod/.m2/repository/commons-logging/commons-logging/1.2/commons-logging-1.2.jar:/Users/rod/.m2/repository/com/fasterxml/jackson/dataformat/jackson-dataformat-yaml/2.11.3/jackson-dataformat-yaml-2.11.3.jar:/Users/rod/.m2/repository/org/springframework/cloud/spring-cloud-function-compiler/3.0.11.RELEASE/spring-cloud-function-compiler-3.0.11.RELEASE.jar:/Users/rod/.m2/repository/org/eclipse/jdt/core/compiler/ecj/4.4.2/ecj-4.4.2.jar:/Users/rod/.m2/repository/io/rest-assured/rest-assured/3.3.0/rest-assured-3.3.0.jar:/Users/rod/.m2/repository/org/apache/httpcomponents/httpmime/4.5.13/httpmime-4.5.13.jar:/Users/rod/.m2/repository/org/hamcrest/hamcrest-core/2.2/hamcrest-core-2.2.jar:/Users/rod/.m2/repository/org/hamcrest/hamcrest-library/2.2/hamcrest-library-2.2.jar:/Users/rod/.m2/repository/org/ccil/cowan/tagsoup/tagsoup/1.2.1/tagsoup-1.2.1.jar:/Users/rod/.m2/repository/io/rest-assured/json-path/3.3.0/json-path-3.3.0.jar:/Users/rod/.m2/repository/io/rest-assured/rest-assured-common/3.3.0/rest-assured-common-3.3.0.jar:/Users/rod/.m2/repository/io/rest-assured/xml-path/3.3.0/xml-path-3.3.0.jar:/Users/rod/.m2/repository/org/apache/commons/commons-lang3/3.10/commons-lang3-3.10.jar:/Users/rod/.m2/repository/javax/xml/bind/jaxb-api/2.3.1/jaxb-api-2.3.1.jar:/Users/rod/.m2/repository/javax/activation/javax.activation-api/1.2.0/javax.activation-api-1.2.0.jar:/Users/rod/.m2/repository/org/apache/sling/org.apache.sling.javax.activation/0.1.0/org.apache.sling.javax.activation-0.1.0.jar:/Users/rod/.m2/repository/javax/activation/activation/1.1.1/activation-1.1.1.jar:/Users/rod/.m2/repository/io/rest-assured/spring-mock-mvc/3.3.0/spring-mock-mvc-3.3.0.jar:/Users/rod/.m2/repository/io/rest-assured/spring-commons/3.3.0/spring-commons-3.3.0.jar:/Users/rod/.m2/repository/org/springframework/spring-webmvc/5.2.11.RELEASE/spring-webmvc-5.2.11.RELEASE.jar:/Users/rod/.m2/repository/com/toomuchcoding/jsonassert/jsonassert/0.4.14/jsonassert-0.4.14.jar:/Users/rod/.m2/repository/cglib/cglib/3.2.9/cglib-3.2.9.jar:/Users/rod/.m2/repository/org/ow2/asm/asm/7.0/asm-7.0.jar:/Users/rod/.m2/repository/org/apache/ant/ant/1.10.3/ant-1.10.3.jar:/Users/rod/.m2/repository/org/apache/ant/ant-launcher/1.10.3/ant-launcher-1.10.3.jar:/Users/rod/.m2/repository/io/projectreactor/reactor-test/3.3.11.RELEASE/reactor-test-3.3.11.RELEASE.jar:/Users/rod/.m2/repository/io/projectreactor/reactor-core/3.3.11.RELEASE/reactor-core-3.3.11.RELEASE.jar:/Users/rod/.m2/repository/org/reactivestreams/reactive-streams/1.0.3/reactive-streams-1.0.3.jar:"/>
    <property name="java.vm.vendor" value="Eclipse OpenJ9"/>
    <property name="com.ibm.vm.bitmode" value="64"/>
    <property name="sun.arch.data.model" value="64"/>
    <property name="user.variant" value=""/>
    <property name="com.ibm.oti.vm.library.version" value="29"/>
    <property name="java.vendor.url" value="https://adoptopenjdk.net/"/>
    <property name="user.timezone" value=""/>
    <property name="os.name" value="Mac OS X"/>
    <property name="java.vm.specification.version" value="11"/>
    <property name="user.country" value="AU"/>
    <property name="sun.java.launcher" value="SUN_STANDARD"/>
    <property name="sun.boot.library.path" value="/Users/rod/.sdkman/candidates/java/11.0.9.j9-adpt/lib/compressedrefs:/Users/rod/.sdkman/candidates/java/11.0.9.j9-adpt/lib"/>
    <property name="sun.java.command" value="/Users/rod/Work/Repos/spring-cloud-contract-demo/clock/target/surefire/surefirebooter17918035211572228797.jar /Users/rod/Work/Repos/spring-cloud-contract-demo/clock/target/surefire 2020-12-06T10-30-58_060-jvmRun1 surefire18203114813091704575tmp surefire_017651695567267489287tmp"/>
    <property name="surefire.test.class.path" value="/Users/rod/Work/Repos/spring-cloud-contract-demo/clock/target/test-classes:/Users/rod/Work/Repos/spring-cloud-contract-demo/clock/target/classes:/Users/rod/.m2/repository/org/springframework/cloud/spring-cloud-stream/3.0.9.RELEASE/spring-cloud-stream-3.0.9.RELEASE.jar:/Users/rod/.m2/repository/org/springframework/boot/spring-boot-starter-validation/2.3.6.RELEASE/spring-boot-starter-validation-2.3.6.RELEASE.jar:/Users/rod/.m2/repository/org/glassfish/jakarta.el/3.0.3/jakarta.el-3.0.3.jar:/Users/rod/.m2/repository/org/hibernate/validator/hibernate-validator/6.1.6.Final/hibernate-validator-6.1.6.Final.jar:/Users/rod/.m2/repository/jakarta/validation/jakarta.validation-api/2.0.2/jakarta.validation-api-2.0.2.jar:/Users/rod/.m2/repository/org/jboss/logging/jboss-logging/3.4.1.Final/jboss-logging-3.4.1.Final.jar:/Users/rod/.m2/repository/com/fasterxml/classmate/1.5.1/classmate-1.5.1.jar:/Users/rod/.m2/repository/org/springframework/spring-messaging/5.2.11.RELEASE/spring-messaging-5.2.11.RELEASE.jar:/Users/rod/.m2/repository/org/springframework/spring-beans/5.2.11.RELEASE/spring-beans-5.2.11.RELEASE.jar:/Users/rod/.m2/repository/org/springframework/integration/spring-integration-core/5.3.4.RELEASE/spring-integration-core-5.3.4.RELEASE.jar:/Users/rod/.m2/repository/org/springframework/spring-aop/5.2.11.RELEASE/spring-aop-5.2.11.RELEASE.jar:/Users/rod/.m2/repository/org/springframework/spring-context/5.2.11.RELEASE/spring-context-5.2.11.RELEASE.jar:/Users/rod/.m2/repository/org/springframework/spring-expression/5.2.11.RELEASE/spring-expression-5.2.11.RELEASE.jar:/Users/rod/.m2/repository/org/springframework/spring-tx/5.2.11.RELEASE/spring-tx-5.2.11.RELEASE.jar:/Users/rod/.m2/repository/org/springframework/integration/spring-integration-jmx/5.3.4.RELEASE/spring-integration-jmx-5.3.4.RELEASE.jar:/Users/rod/.m2/repository/org/springframework/retry/spring-retry/1.2.5.RELEASE/spring-retry-1.2.5.RELEASE.jar:/Users/rod/.m2/repository/org/springframework/cloud/spring-cloud-function-context/3.0.11.RELEASE/spring-cloud-function-context-3.0.11.RELEASE.jar:/Users/rod/.m2/repository/net/jodah/typetools/0.6.2/typetools-0.6.2.jar:/Users/rod/.m2/repository/org/springframework/cloud/spring-cloud-function-core/3.0.11.RELEASE/spring-cloud-function-core-3.0.11.RELEASE.jar:/Users/rod/.m2/repository/javax/annotation/javax.annotation-api/1.3.2/javax.annotation-api-1.3.2.jar:/Users/rod/.m2/repository/org/springframework/cloud/spring-cloud-stream-binder-kafka/3.0.9.RELEASE/spring-cloud-stream-binder-kafka-3.0.9.RELEASE.jar:/Users/rod/.m2/repository/org/springframework/cloud/spring-cloud-stream-binder-kafka-core/3.0.9.RELEASE/spring-cloud-stream-binder-kafka-core-3.0.9.RELEASE.jar:/Users/rod/.m2/repository/org/springframework/integration/spring-integration-kafka/3.3.1.RELEASE/spring-integration-kafka-3.3.1.RELEASE.jar:/Users/rod/.m2/repository/org/apache/kafka/kafka-clients/2.5.1/kafka-clients-2.5.1.jar:/Users/rod/.m2/repository/com/github/luben/zstd-jni/1.4.4-7/zstd-jni-1.4.4-7.jar:/Users/rod/.m2/repository/org/lz4/lz4-java/1.7.1/lz4-java-1.7.1.jar:/Users/rod/.m2/repository/org/xerial/snappy/snappy-java/1.1.7.3/snappy-java-1.1.7.3.jar:/Users/rod/.m2/repository/org/slf4j/slf4j-api/1.7.30/slf4j-api-1.7.30.jar:/Users/rod/.m2/repository/org/springframework/kafka/spring-kafka/2.5.8.RELEASE/spring-kafka-2.5.8.RELEASE.jar:/Users/rod/.m2/repository/org/springframework/cloud/spring-cloud-starter-openfeign/2.2.6.RELEASE/spring-cloud-starter-openfeign-2.2.6.RELEASE.jar:/Users/rod/.m2/repository/org/springframework/cloud/spring-cloud-starter/2.2.6.RELEASE/spring-cloud-starter-2.2.6.RELEASE.jar:/Users/rod/.m2/repository/org/springframework/cloud/spring-cloud-context/2.2.6.RELEASE/spring-cloud-context-2.2.6.RELEASE.jar:/Users/rod/.m2/repository/org/springframework/security/spring-security-rsa/1.0.9.RELEASE/spring-security-rsa-1.0.9.RELEASE.jar:/Users/rod/.m2/repository/org/bouncycastle/bcpkix-jdk15on/1.64/bcpkix-jdk15on-1.64.jar:/Users/rod/.m2/repository/org/bouncycastle/bcprov-jdk15on/1.64/bcprov-jdk15on-1.64.jar:/Users/rod/.m2/repository/org/springframework/cloud/spring-cloud-openfeign-core/2.2.6.RELEASE/spring-cloud-openfeign-core-2.2.6.RELEASE.jar:/Users/rod/.m2/repository/org/springframework/boot/spring-boot-starter-aop/2.3.6.RELEASE/spring-boot-starter-aop-2.3.6.RELEASE.jar:/Users/rod/.m2/repository/org/aspectj/aspectjweaver/1.9.6/aspectjweaver-1.9.6.jar:/Users/rod/.m2/repository/io/github/openfeign/form/feign-form-spring/3.8.0/feign-form-spring-3.8.0.jar:/Users/rod/.m2/repository/io/github/openfeign/form/feign-form/3.8.0/feign-form-3.8.0.jar:/Users/rod/.m2/repository/commons-fileupload/commons-fileupload/1.4/commons-fileupload-1.4.jar:/Users/rod/.m2/repository/commons-io/commons-io/2.2/commons-io-2.2.jar:/Users/rod/.m2/repository/org/springframework/spring-web/5.2.11.RELEASE/spring-web-5.2.11.RELEASE.jar:/Users/rod/.m2/repository/org/springframework/cloud/spring-cloud-commons/2.2.6.RELEASE/spring-cloud-commons-2.2.6.RELEASE.jar:/Users/rod/.m2/repository/org/springframework/security/spring-security-crypto/5.3.5.RELEASE/spring-security-crypto-5.3.5.RELEASE.jar:/Users/rod/.m2/repository/io/github/openfeign/feign-core/10.10.1/feign-core-10.10.1.jar:/Users/rod/.m2/repository/io/github/openfeign/feign-slf4j/10.10.1/feign-slf4j-10.10.1.jar:/Users/rod/.m2/repository/io/github/openfeign/feign-hystrix/10.10.1/feign-hystrix-10.10.1.jar:/Users/rod/.m2/repository/com/netflix/archaius/archaius-core/0.7.6/archaius-core-0.7.6.jar:/Users/rod/.m2/repository/com/google/code/findbugs/jsr305/3.0.1/jsr305-3.0.1.jar:/Users/rod/.m2/repository/com/netflix/hystrix/hystrix-core/1.5.18/hystrix-core-1.5.18.jar:/Users/rod/.m2/repository/org/hdrhistogram/HdrHistogram/2.1.9/HdrHistogram-2.1.9.jar:/Users/rod/.m2/repository/org/springframework/cloud/spring-cloud-starter-netflix-ribbon/2.2.6.RELEASE/spring-cloud-starter-netflix-ribbon-2.2.6.RELEASE.jar:/Users/rod/.m2/repository/org/springframework/cloud/spring-cloud-netflix-ribbon/2.2.6.RELEASE/spring-cloud-netflix-ribbon-2.2.6.RELEASE.jar:/Users/rod/.m2/repository/org/springframework/cloud/spring-cloud-netflix-archaius/2.2.6.RELEASE/spring-cloud-netflix-archaius-2.2.6.RELEASE.jar:/Users/rod/.m2/repository/org/springframework/cloud/spring-cloud-starter-netflix-archaius/2.2.6.RELEASE/spring-cloud-starter-netflix-archaius-2.2.6.RELEASE.jar:/Users/rod/.m2/repository/commons-configuration/commons-configuration/1.8/commons-configuration-1.8.jar:/Users/rod/.m2/repository/com/netflix/ribbon/ribbon/2.3.0/ribbon-2.3.0.jar:/Users/rod/.m2/repository/com/netflix/ribbon/ribbon-transport/2.3.0/ribbon-transport-2.3.0.jar:/Users/rod/.m2/repository/io/reactivex/rxnetty-contexts/0.4.9/rxnetty-contexts-0.4.9.jar:/Users/rod/.m2/repository/io/reactivex/rxnetty-servo/0.4.9/rxnetty-servo-0.4.9.jar:/Users/rod/.m2/repository/javax/inject/javax.inject/1/javax.inject-1.jar:/Users/rod/.m2/repository/io/reactivex/rxnetty/0.4.9/rxnetty-0.4.9.jar:/Users/rod/.m2/repository/com/google/guava/guava/29.0-jre/guava-29.0-jre.jar:/Users/rod/.m2/repository/com/google/guava/failureaccess/1.0.1/failureaccess-1.0.1.jar:/Users/rod/.m2/repository/com/google/guava/listenablefuture/9999.0-empty-to-avoid-conflict-with-guava/listenablefuture-9999.0-empty-to-avoid-conflict-with-guava.jar:/Users/rod/.m2/repository/org/checkerframework/checker-qual/2.11.1/checker-qual-2.11.1.jar:/Users/rod/.m2/repository/com/google/errorprone/error_prone_annotations/2.3.4/error_prone_annotations-2.3.4.jar:/Users/rod/.m2/repository/com/google/j2objc/j2objc-annotations/1.3/j2objc-annotations-1.3.jar:/Users/rod/.m2/repository/com/netflix/ribbon/ribbon-core/2.3.0/ribbon-core-2.3.0.jar:/Users/rod/.m2/repository/commons-lang/commons-lang/2.6/commons-lang-2.6.jar:/Users/rod/.m2/repository/com/netflix/ribbon/ribbon-httpclient/2.3.0/ribbon-httpclient-2.3.0.jar:/Users/rod/.m2/repository/commons-collections/commons-collections/3.2.2/commons-collections-3.2.2.jar:/Users/rod/.m2/repository/org/apache/httpcomponents/httpclient/4.5.13/httpclient-4.5.13.jar:/Users/rod/.m2/repository/org/apache/httpcomponents/httpcore/4.4.13/httpcore-4.4.13.jar:/Users/rod/.m2/repository/commons-codec/commons-codec/1.14/commons-codec-1.14.jar:/Users/rod/.m2/repository/com/sun/jersey/jersey-client/1.19.1/jersey-client-1.19.1.jar:/Users/rod/.m2/repository/com/sun/jersey/jersey-core/1.19.1/jersey-core-1.19.1.jar:/Users/rod/.m2/repository/javax/ws/rs/jsr311-api/1.1.1/jsr311-api-1.1.1.jar:/Users/rod/.m2/repository/com/sun/jersey/contribs/jersey-apache-client4/1.19.1/jersey-apache-client4-1.19.1.jar:/Users/rod/.m2/repository/com/netflix/servo/servo-core/0.12.21/servo-core-0.12.21.jar:/Users/rod/.m2/repository/com/netflix/netflix-commons/netflix-commons-util/0.3.0/netflix-commons-util-0.3.0.jar:/Users/rod/.m2/repository/com/netflix/ribbon/ribbon-loadbalancer/2.3.0/ribbon-loadbalancer-2.3.0.jar:/Users/rod/.m2/repository/com/netflix/netflix-commons/netflix-statistics/0.1.1/netflix-statistics-0.1.1.jar:/Users/rod/.m2/repository/io/reactivex/rxjava/1.3.8/rxjava-1.3.8.jar:/Users/rod/.m2/repository/org/springframework/boot/spring-boot-devtools/2.3.6.RELEASE/spring-boot-devtools-2.3.6.RELEASE.jar:/Users/rod/.m2/repository/org/springframework/boot/spring-boot/2.3.6.RELEASE/spring-boot-2.3.6.RELEASE.jar:/Users/rod/.m2/repository/org/springframework/boot/spring-boot-autoconfigure/2.3.6.RELEASE/spring-boot-autoconfigure-2.3.6.RELEASE.jar:/Users/rod/.m2/repository/org/projectlombok/lombok/1.18.16/lombok-1.18.16.jar:/Users/rod/.m2/repository/org/springframework/boot/spring-boot-starter-test/2.3.6.RELEASE/spring-boot-starter-test-2.3.6.RELEASE.jar:/Users/rod/.m2/repository/org/springframework/boot/spring-boot-starter/2.3.6.RELEASE/spring-boot-starter-2.3.6.RELEASE.jar:/Users/rod/.m2/repository/org/springframework/boot/spring-boot-starter-logging/2.3.6.RELEASE/spring-boot-starter-logging-2.3.6.RELEASE.jar:/Users/rod/.m2/repository/ch/qos/logback/logback-classic/1.2.3/logback-classic-1.2.3.jar:/Users/rod/.m2/repository/ch/qos/logback/logback-core/1.2.3/logback-core-1.2.3.jar:/Users/rod/.m2/repository/org/apache/logging/log4j/log4j-to-slf4j/2.13.3/log4j-to-slf4j-2.13.3.jar:/Users/rod/.m2/repository/org/apache/logging/log4j/log4j-api/2.13.3/log4j-api-2.13.3.jar:/Users/rod/.m2/repository/org/slf4j/jul-to-slf4j/1.7.30/jul-to-slf4j-1.7.30.jar:/Users/rod/.m2/repository/jakarta/annotation/jakarta.annotation-api/1.3.5/jakarta.annotation-api-1.3.5.jar:/Users/rod/.m2/repository/org/yaml/snakeyaml/1.26/snakeyaml-1.26.jar:/Users/rod/.m2/repository/org/springframework/boot/spring-boot-test/2.3.6.RELEASE/spring-boot-test-2.3.6.RELEASE.jar:/Users/rod/.m2/repository/org/springframework/boot/spring-boot-test-autoconfigure/2.3.6.RELEASE/spring-boot-test-autoconfigure-2.3.6.RELEASE.jar:/Users/rod/.m2/repository/com/jayway/jsonpath/json-path/2.4.0/json-path-2.4.0.jar:/Users/rod/.m2/repository/net/minidev/json-smart/2.3/json-smart-2.3.jar:/Users/rod/.m2/repository/net/minidev/accessors-smart/1.2/accessors-smart-1.2.jar:/Users/rod/.m2/repository/jakarta/xml/bind/jakarta.xml.bind-api/2.3.3/jakarta.xml.bind-api-2.3.3.jar:/Users/rod/.m2/repository/jakarta/activation/jakarta.activation-api/1.2.2/jakarta.activation-api-1.2.2.jar:/Users/rod/.m2/repository/org/assertj/assertj-core/3.16.1/assertj-core-3.16.1.jar:/Users/rod/.m2/repository/org/hamcrest/hamcrest/2.2/hamcrest-2.2.jar:/Users/rod/.m2/repository/org/junit/jupiter/junit-jupiter/5.6.3/junit-jupiter-5.6.3.jar:/Users/rod/.m2/repository/org/junit/jupiter/junit-jupiter-api/5.6.3/junit-jupiter-api-5.6.3.jar:/Users/rod/.m2/repository/org/apiguardian/apiguardian-api/1.1.0/apiguardian-api-1.1.0.jar:/Users/rod/.m2/repository/org/opentest4j/opentest4j/1.2.0/opentest4j-1.2.0.jar:/Users/rod/.m2/repository/org/junit/platform/junit-platform-commons/1.6.3/junit-platform-commons-1.6.3.jar:/Users/rod/.m2/repository/org/junit/jupiter/junit-jupiter-params/5.6.3/junit-jupiter-params-5.6.3.jar:/Users/rod/.m2/repository/org/junit/jupiter/junit-jupiter-engine/5.6.3/junit-jupiter-engine-5.6.3.jar:/Users/rod/.m2/repository/org/junit/platform/junit-platform-engine/1.6.3/junit-platform-engine-1.6.3.jar:/Users/rod/.m2/repository/org/mockito/mockito-core/3.3.3/mockito-core-3.3.3.jar:/Users/rod/.m2/repository/net/bytebuddy/byte-buddy/1.10.18/byte-buddy-1.10.18.jar:/Users/rod/.m2/repository/net/bytebuddy/byte-buddy-agent/1.10.18/byte-buddy-agent-1.10.18.jar:/Users/rod/.m2/repository/org/objenesis/objenesis/2.6/objenesis-2.6.jar:/Users/rod/.m2/repository/org/mockito/mockito-junit-jupiter/3.3.3/mockito-junit-jupiter-3.3.3.jar:/Users/rod/.m2/repository/org/skyscreamer/jsonassert/1.5.0/jsonassert-1.5.0.jar:/Users/rod/.m2/repository/com/vaadin/external/google/android-json/0.0.20131108.vaadin1/android-json-0.0.20131108.vaadin1.jar:/Users/rod/.m2/repository/org/springframework/spring-core/5.2.11.RELEASE/spring-core-5.2.11.RELEASE.jar:/Users/rod/.m2/repository/org/springframework/spring-jcl/5.2.11.RELEASE/spring-jcl-5.2.11.RELEASE.jar:/Users/rod/.m2/repository/org/springframework/spring-test/5.2.11.RELEASE/spring-test-5.2.11.RELEASE.jar:/Users/rod/.m2/repository/org/xmlunit/xmlunit-core/2.7.0/xmlunit-core-2.7.0.jar:/Users/rod/.m2/repository/org/springframework/cloud/spring-cloud-stream-test-support/3.0.9.RELEASE/spring-cloud-stream-test-support-3.0.9.RELEASE.jar:/Users/rod/.m2/repository/com/fasterxml/jackson/core/jackson-databind/2.11.3/jackson-databind-2.11.3.jar:/Users/rod/.m2/repository/com/fasterxml/jackson/core/jackson-annotations/2.11.3/jackson-annotations-2.11.3.jar:/Users/rod/.m2/repository/com/fasterxml/jackson/core/jackson-core/2.11.3/jackson-core-2.11.3.jar:/Users/rod/.m2/repository/org/springframework/cloud/spring-cloud-stream/3.0.9.RELEASE/spring-cloud-stream-3.0.9.RELEASE-test-binder.jar:/Users/rod/.m2/repository/org/springframework/cloud/spring-cloud-starter-contract-verifier/2.2.5.RELEASE/spring-cloud-starter-contract-verifier-2.2.5.RELEASE.jar:/Users/rod/.m2/repository/org/springframework/cloud/spring-cloud-contract-verifier/2.2.5.RELEASE/spring-cloud-contract-verifier-2.2.5.RELEASE.jar:/Users/rod/.m2/repository/org/springframework/cloud/spring-cloud-contract-spec/2.2.5.RELEASE/spring-cloud-contract-spec-2.2.5.RELEASE.jar:/Users/rod/.m2/repository/org/springframework/cloud/spring-cloud-contract-spec-java/2.2.5.RELEASE/spring-cloud-contract-spec-java-2.2.5.RELEASE.jar:/Users/rod/.m2/repository/dk/brics/automaton/automaton/1.11-8/automaton-1.11-8.jar:/Users/rod/.m2/repository/org/apache/commons/commons-text/1.7/commons-text-1.7.jar:/Users/rod/.m2/repository/org/springframework/cloud/spring-cloud-contract-spec-groovy/2.2.5.RELEASE/spring-cloud-contract-spec-groovy-2.2.5.RELEASE.jar:/Users/rod/.m2/repository/org/springframework/cloud/spring-cloud-contract-shade/2.2.5.RELEASE/spring-cloud-contract-shade-2.2.5.RELEASE.jar:/Users/rod/.m2/repository/com/github/tomakehurst/wiremock-jre8-standalone/2.26.2/wiremock-jre8-standalone-2.26.2.jar:/Users/rod/.m2/repository/org/apache/maven/resolver/maven-resolver-api/1.3.3/maven-resolver-api-1.3.3.jar:/Users/rod/.m2/repository/com/rackspace/eclipse/webtools/sourceediting/org.eclipse.wst.xml.xpath2.processor/2.1.100/org.eclipse.wst.xml.xpath2.processor-2.1.100.jar:/Users/rod/.m2/repository/edu/princeton/cup/java-cup/10k/java-cup-10k.jar:/Users/rod/.m2/repository/com/ibm/icu/icu4j/4.6/icu4j-4.6.jar:/Users/rod/.m2/repository/org/codehaus/groovy/groovy/2.5.13/groovy-2.5.13.jar:/Users/rod/.m2/repository/org/codehaus/groovy/groovy-nio/2.5.13/groovy-nio-2.5.13.jar:/Users/rod/.m2/repository/org/codehaus/groovy/groovy-json/2.5.13/groovy-json-2.5.13.jar:/Users/rod/.m2/repository/org/codehaus/groovy/groovy-xml/2.5.13/groovy-xml-2.5.13.jar:/Users/rod/.m2/repository/com/github/jknack/handlebars/4.1.2/handlebars-4.1.2.jar:/Users/rod/.m2/repository/commons-beanutils/commons-beanutils/1.9.4/commons-beanutils-1.9.4.jar:/Users/rod/.m2/repository/commons-logging/commons-logging/1.2/commons-logging-1.2.jar:/Users/rod/.m2/repository/com/fasterxml/jackson/dataformat/jackson-dataformat-yaml/2.11.3/jackson-dataformat-yaml-2.11.3.jar:/Users/rod/.m2/repository/org/springframework/cloud/spring-cloud-function-compiler/3.0.11.RELEASE/spring-cloud-function-compiler-3.0.11.RELEASE.jar:/Users/rod/.m2/repository/org/eclipse/jdt/core/compiler/ecj/4.4.2/ecj-4.4.2.jar:/Users/rod/.m2/repository/io/rest-assured/rest-assured/3.3.0/rest-assured-3.3.0.jar:/Users/rod/.m2/repository/org/apache/httpcomponents/httpmime/4.5.13/httpmime-4.5.13.jar:/Users/rod/.m2/repository/org/hamcrest/hamcrest-core/2.2/hamcrest-core-2.2.jar:/Users/rod/.m2/repository/org/hamcrest/hamcrest-library/2.2/hamcrest-library-2.2.jar:/Users/rod/.m2/repository/org/ccil/cowan/tagsoup/tagsoup/1.2.1/tagsoup-1.2.1.jar:/Users/rod/.m2/repository/io/rest-assured/json-path/3.3.0/json-path-3.3.0.jar:/Users/rod/.m2/repository/io/rest-assured/rest-assured-common/3.3.0/rest-assured-common-3.3.0.jar:/Users/rod/.m2/repository/io/rest-assured/xml-path/3.3.0/xml-path-3.3.0.jar:/Users/rod/.m2/repository/org/apache/commons/commons-lang3/3.10/commons-lang3-3.10.jar:/Users/rod/.m2/repository/javax/xml/bind/jaxb-api/2.3.1/jaxb-api-2.3.1.jar:/Users/rod/.m2/repository/javax/activation/javax.activation-api/1.2.0/javax.activation-api-1.2.0.jar:/Users/rod/.m2/repository/org/apache/sling/org.apache.sling.javax.activation/0.1.0/org.apache.sling.javax.activation-0.1.0.jar:/Users/rod/.m2/repository/javax/activation/activation/1.1.1/activation-1.1.1.jar:/Users/rod/.m2/repository/io/rest-assured/spring-mock-mvc/3.3.0/spring-mock-mvc-3.3.0.jar:/Users/rod/.m2/repository/io/rest-assured/spring-commons/3.3.0/spring-commons-3.3.0.jar:/Users/rod/.m2/repository/org/springframework/spring-webmvc/5.2.11.RELEASE/spring-webmvc-5.2.11.RELEASE.jar:/Users/rod/.m2/repository/com/toomuchcoding/jsonassert/jsonassert/0.4.14/jsonassert-0.4.14.jar:/Users/rod/.m2/repository/cglib/cglib/3.2.9/cglib-3.2.9.jar:/Users/rod/.m2/repository/org/ow2/asm/asm/7.0/asm-7.0.jar:/Users/rod/.m2/repository/org/apache/ant/ant/1.10.3/ant-1.10.3.jar:/Users/rod/.m2/repository/org/apache/ant/ant-launcher/1.10.3/ant-launcher-1.10.3.jar:/Users/rod/.m2/repository/io/projectreactor/reactor-test/3.3.11.RELEASE/reactor-test-3.3.11.RELEASE.jar:/Users/rod/.m2/repository/io/projectreactor/reactor-core/3.3.11.RELEASE/reactor-core-3.3.11.RELEASE.jar:/Users/rod/.m2/repository/org/reactivestreams/reactive-streams/1.0.3/reactive-streams-1.0.3.jar:"/>
    <property name="sun.cpu.endian" value="little"/>
    <property name="user.home" value="/Users/rod"/>
    <property name="user.language" value="en"/>
    <property name="java.specification.vendor" value="Oracle Corporation"/>
    <property name="java.version.date" value="2020-10-20"/>
    <property name="java.home" value="/Users/rod/.sdkman/candidates/java/11.0.9.j9-adpt"/>
    <property name="ibm.signalhandling.rs" value="false"/>
    <property name="jdk.extensions.name" value="Extensions for OpenJDK for Eclipse OpenJ9"/>
    <property name="basedir" value="/Users/rod/Work/Repos/spring-cloud-contract-demo/clock"/>
    <property name="file.separator" value="/"/>
    <property name="line.separator" value="&#10;"/>
    <property name="java.vm.specification.vendor" value="Oracle Corporation"/>
    <property name="java.specification.name" value="Java Platform API Specification"/>
    <property name="java.compiler" value="j9jit29"/>
    <property name="com.ibm.util.extralibs.properties" value=""/>
    <property name="java.awt.graphicsenv" value="sun.awt.CGraphicsEnvironment"/>
    <property name="com.ibm.oti.configuration" value="scar"/>
    <property name="surefire.real.class.path" value="/Users/rod/Work/Repos/spring-cloud-contract-demo/clock/target/surefire/surefirebooter17918035211572228797.jar"/>
    <property name="com.ibm.oti.shared.enabled" value="false"/>
    <property name="com.ibm.oti.vm.bootstrap.library.path" value="/Users/rod/.sdkman/candidates/java/11.0.9.j9-adpt/lib/compressedrefs:/Users/rod/.sdkman/candidates/java/11.0.9.j9-adpt/lib"/>
    <property name="com.ibm.cpu.endian" value="little"/>
    <property name="java.fullversion" value="11.0.9+11&#10;JRE 11 Mac OS X amd64-64-Bit Compressed References 20201023_788 (JIT enabled, AOT enabled)&#10;OpenJ9   - 0394ef754&#10;OMR      - 582366ae5&#10;JCL      - 3b09cfd7e9 based on jdk-11.0.9+11"/>
    <property name="java.runtime.version" value="11.0.9+11"/>
    <property name="user.name" value="rod"/>
    <property name="path.separator" value=":"/>
    <property name="os.version" value="10.15.7"/>
    <property name="java.runtime.name" value="OpenJDK Runtime Environment"/>
    <property name="ibm.signalhandling.sigint" value="true"/>
    <property name="file.encoding" value="UTF-8"/>
    <property name="java.vm.name" value="Eclipse OpenJ9 VM"/>
    <property name="java.vendor.version" value="AdoptOpenJDK"/>
    <property name="ibm.signalhandling.sigchain" value="true"/>
    <property name="localRepository" value="/Users/rod/.m2/repository"/>
    <property name="java.vendor.url.bug" value="https://github.com/AdoptOpenJDK/openjdk-support/issues"/>
    <property name="java.io.tmpdir" value="/var/folders/sf/7_5ndt1n26qdt6whkjkt2dbr0000gn/T/"/>
    <property name="idea.version" value="2020.2.3"/>
    <property name="java.version" value="11.0.9"/>
    <property name="user.dir" value="/Users/rod/Work/Repos/spring-cloud-contract-demo/clock"/>
    <property name="com.ibm.system.agent.path" value="/Users/rod/.sdkman/candidates/java/11.0.9.j9-adpt/lib"/>
    <property name="os.arch" value="x86_64"/>
    <property name="java.vm.specification.name" value="Java Virtual Machine Specification"/>
    <property name="java.awt.printerjob" value="sun.lwawt.macosx.CPrinterJob"/>
    <property name="os.encoding" value="UTF-8"/>
    <property name="java.library.path" value="/Users/rod/.sdkman/candidates/java/11.0.9.j9-adpt/lib/compressedrefs:/Users/rod/.sdkman/candidates/java/11.0.9.j9-adpt/lib:/usr/lib"/>
    <property name="java.vm.info" value="JRE 11 Mac OS X amd64-64-Bit Compressed References 20201023_788 (JIT enabled, AOT enabled)&#10;OpenJ9   - 0394ef754&#10;OMR      - 582366ae5&#10;JCL      - 3b09cfd7e9 based on jdk-11.0.9+11"/>
    <property name="java.vendor" value="AdoptOpenJDK"/>
    <property name="java.vm.version" value="openj9-0.23.0"/>
    <property name="ibm.system.encoding" value="UTF-8"/>
    <property name="com.ibm.jcl.checkClassPath" value=""/>
    <property name="sun.io.unicode.encoding" value="UnicodeLittle"/>
    <property name="java.class.version" value="55.0"/>
  </properties>
  <testcase name="contextLoads" classname="com.rodmccutcheon.clock.ClockApplicationTests" time="0.213"/>
</testsuite>